2021-12-20 09:30:56,870 - pyswarms.single.global_best - INFO - Optimize for 1000 iters with {'c1': 0.5, 'c2': 0.3, 'w': 0.9}
2021-12-20 09:30:58,132 - pyswarms.single.global_best - INFO - Optimization finished | best cost: 2.704590911712266e-44, best pos: [-1.64151355e-22  1.00120879e-23]
2021-12-20 09:33:00,044 - pyswarms.single.global_best - INFO - Optimize for 1000 iters with {'c1': 0.5, 'c2': 0.3, 'w': 0.9}
2021-12-20 09:33:01,203 - pyswarms.single.global_best - INFO - Optimization finished | best cost: 8.026504485684243e-44, best pos: [ 2.57374022e-23 -2.82139382e-22]
2021-12-20 09:34:11,527 - pyswarms.single.global_best - INFO - Optimize for 1000 iters with {'c1': 0.5, 'c2': 0.3, 'w': 0.9}
2021-12-20 09:34:12,412 - pyswarms.single.global_best - INFO - Optimization finished | best cost: 2.096946842002691e-43, best pos: [4.54587843e-22 5.51776873e-23]
2021-12-20 09:39:50,040 - pyswarms.single.global_best - INFO - Optimize for 1000 iters with {'c1': 0.5, 'c2': 0.3, 'w': 0.9}
2021-12-20 09:40:03,074 - pyswarms.single.global_best - INFO - Optimize for 1000 iters with {'c1': 0.5, 'c2': 0.3, 'w': 0.9}
2021-12-20 09:40:27,482 - pyswarms.single.global_best - INFO - Optimize for 1000 iters with {'c1': 0.5, 'c2': 0.3, 'w': 0.9}
2021-12-20 09:40:47,799 - pyswarms.single.global_best - INFO - Optimize for 1000 iters with {'c1': 0.5, 'c2': 0.3, 'w': 0.9}
2021-12-20 09:42:28,651 - pyswarms.single.global_best - INFO - Optimize for 1000 iters with {'c1': 0.5, 'c2': 0.3, 'w': 0.9}
2021-12-20 09:43:00,028 - pyswarms.single.global_best - INFO - Optimize for 1000 iters with {'c1': 0.5, 'c2': 0.3, 'w': 0.9}
2021-12-20 09:43:02,772 - pyswarms.single.global_best - INFO - Optimization finished | best cost: 0.0, best pos: [-3.80715141  2.05887244  8.67397915  3.46930555 -2.62765941  5.29834062
 -6.75394555  3.95908189  4.53909378  0.98258657]
2021-12-20 09:43:44,029 - pyswarms.single.global_best - INFO - Optimize for 1000 iters with {'c1': 0.5, 'c2': 0.3, 'w': 0.9}
2021-12-20 09:43:45,144 - pyswarms.single.global_best - INFO - Optimization finished | best cost: 0.0, best pos: [-6.62739921 -5.29677494  1.30140364  1.61632658  9.10888642 -3.30049845
 -5.82471795 -1.31021703  1.98148906 -6.24998274]
2021-12-20 09:44:13,397 - pyswarms.single.global_best - INFO - Optimize for 1000 iters with {'c1': 0.5, 'c2': 0.3, 'w': 0.9}
2021-12-20 09:44:33,511 - pyswarms.single.global_best - INFO - Optimize for 1000 iters with {'c1': 0.5, 'c2': 0.3, 'w': 0.9}
2021-12-20 09:44:34,780 - pyswarms.single.global_best - INFO - Optimization finished | best cost: 0.0, best pos: [ 2.09900917  3.08522072 -6.38251545 -8.5326325   4.59607258 -7.84050566
 -4.38480139  1.59755288  9.18807314  1.64944074]
2021-12-20 09:44:49,513 - pyswarms.single.global_best - INFO - Optimize for 1000 iters with {'c1': 0.5, 'c2': 0.3, 'w': 0.9}
2021-12-20 09:44:50,782 - pyswarms.single.global_best - INFO - Optimization finished | best cost: 0.0, best pos: [ 8.36796575 -5.07616899 -1.22258332  9.09398201  9.58987804  6.18992208
  1.56435544  6.42636754 -0.54536521  6.05983296]
2021-12-20 09:44:54,652 - pyswarms.single.global_best - INFO - Optimize for 1000 iters with {'c1': 0.5, 'c2': 0.3, 'w': 0.9}
2021-12-20 09:44:56,211 - pyswarms.single.global_best - INFO - Optimization finished | best cost: 0.0, best pos: [ 9.99865276 -2.78571714 -3.34536329  8.73074253  4.30268998  7.32912186
  5.61449744  4.99650398  2.4961487   6.48446272]
2021-12-20 09:45:12,404 - pyswarms.single.global_best - INFO - Optimize for 1000 iters with {'c1': 0.5, 'c2': 0.3, 'w': 0.9}
2021-12-20 09:45:13,684 - pyswarms.single.global_best - INFO - Optimization finished | best cost: 0.0, best pos: [-8.09459866  0.43425201 -4.88724548  0.77511464 -7.75558344  6.9500203
 -1.818083    2.62408444  5.59102926 -7.21061383]
2021-12-20 09:45:15,946 - pyswarms.single.global_best - INFO - Optimize for 1000 iters with {'c1': 0.5, 'c2': 0.3, 'w': 0.9}
2021-12-20 09:45:17,493 - pyswarms.single.global_best - INFO - Optimization finished | best cost: 0.0, best pos: [ 3.38936108 -8.67093613  7.97787987 -6.6244844  -8.67425483  8.19297618
  5.36250377 -4.21480857  5.76954875 -7.3411841 ]
2021-12-20 09:45:52,256 - pyswarms.single.global_best - INFO - Optimize for 1000 iters with {'c1': 0.5, 'c2': 0.3, 'w': 0.9}
2021-12-20 09:46:12,080 - pyswarms.single.global_best - INFO - Optimize for 1 iters with {'c1': 0.5, 'c2': 0.3, 'w': 0.9}
2021-12-20 09:46:12,086 - pyswarms.single.global_best - INFO - Optimization finished | best cost: 0.0, best pos: [ 4.44675171  5.89878848 -3.51271083 -4.52511371  2.67580005 -5.57585253
  6.39752008  5.82783563  9.12156135  5.99908306]
2021-12-20 09:46:39,757 - pyswarms.single.global_best - INFO - Optimize for 1 iters with {'c1': 0.5, 'c2': 0.3, 'w': 0.9}
2021-12-20 09:46:39,763 - pyswarms.single.global_best - INFO - Optimization finished | best cost: 0.0, best pos: [-8.5622007   2.52326136  5.15747753 -4.59208541  6.79283513  5.31157919
 -4.84297747 -4.138112   -6.2143751   9.22173718]
2021-12-20 09:47:22,612 - pyswarms.single.global_best - INFO - Optimize for 1 iters with {'c1': 0.5, 'c2': 0.3, 'w': 0.9}
2021-12-20 09:47:34,603 - pyswarms.single.global_best - INFO - Optimize for 1 iters with {'c1': 0.5, 'c2': 0.3, 'w': 0.9}
2021-12-20 09:47:49,674 - pyswarms.single.global_best - INFO - Optimize for 1 iters with {'c1': 0.5, 'c2': 0.3, 'w': 0.9}
2021-12-20 09:47:49,680 - pyswarms.single.global_best - INFO - Optimization finished | best cost: 0.0, best pos: [ 4.06536269  6.98108631 -6.61334442  6.93172457 -2.93916715  1.6948116
 -3.55596328  5.72328572  0.46398212  1.4143302 ]
2021-12-20 09:48:13,133 - pyswarms.single.global_best - INFO - Optimize for 1 iters with {'c1': 0.5, 'c2': 0.3, 'w': 0.9}
2021-12-20 09:48:13,139 - pyswarms.single.global_best - INFO - Optimization finished | best cost: 0.0, best pos: [ 6.40422377 -5.89214658  1.21190608  0.2825401   4.37575622 -0.49171133
  1.04651867 -4.88375311 -3.02273139  7.62113809]
2021-12-20 09:48:25,470 - pyswarms.single.global_best - INFO - Optimize for 1 iters with {'c1': 0.5, 'c2': 0.3, 'w': 0.9}
2021-12-20 09:48:25,474 - pyswarms.single.global_best - INFO - Optimization finished | best cost: 0.0, best pos: [ 6.0222402  -9.66429059  7.48323379 -0.62459947  6.40555534  8.13438336
 -5.2862826  -9.50859433 -3.91366164  1.829378  ]
2021-12-20 09:48:34,457 - pyswarms.single.global_best - INFO - Optimize for 1 iters with {'c1': 0.5, 'c2': 0.3, 'w': 0.9}
2021-12-20 09:48:34,462 - pyswarms.single.global_best - INFO - Optimization finished | best cost: 22.24016059929174, best pos: [ 9.23560476  5.25843441  3.80359442 -1.3190471  -5.68527382  7.06161785
  7.8535888  -3.7010406  -7.50039301 -7.76644857]
2021-12-20 09:49:13,355 - pyswarms.single.global_best - INFO - Optimize for 1 iters with {'c1': 0.5, 'c2': 0.3, 'w': 0.9}
2021-12-20 09:49:13,362 - pyswarms.single.global_best - INFO - Optimization finished | best cost: 23.308101293461494, best pos: [-5.40063794 -2.27302306 -5.12146145 -7.97464303  9.28393026  0.57839021
 -4.82009113  5.05284129 -8.59803201 -3.99205813]
2021-12-20 09:49:21,192 - pyswarms.single.global_best - INFO - Optimize for 10 iters with {'c1': 0.5, 'c2': 0.3, 'w': 0.9}
2021-12-20 09:49:21,212 - pyswarms.single.global_best - INFO - Optimization finished | best cost: 21.35619538397364, best pos: [-3.1584573   4.76227452 -7.30217815 -7.8007435  -5.67649413 -4.08168296
  5.48347486  0.57869252  3.70574157  4.66768731]
2021-12-20 09:49:40,251 - pyswarms.single.global_best - INFO - Optimize for 1 iters with {'c1': 0.5, 'c2': 0.3, 'w': 0.9}
2021-12-20 09:49:40,255 - pyswarms.single.global_best - INFO - Optimization finished | best cost: 22.460084269302733, best pos: [-9.46490765  8.86515085 -6.29414104  0.40763969  6.67246844  5.97947306
  5.33467955  3.77903946 -5.82628651 -3.00201805]
2021-12-20 09:49:51,145 - pyswarms.single.global_best - INFO - Optimize for 100 iters with {'c1': 0.5, 'c2': 0.3, 'w': 0.9}
2021-12-20 09:49:51,352 - pyswarms.single.global_best - INFO - Optimization finished | best cost: 20.81773942365644, best pos: [-6.61624894  3.06508442 -3.51155616  0.80541138 -8.32056949 -2.78806769
 -9.70304181 -0.98431959 -2.88736179  3.54317618]
2021-12-20 09:50:09,697 - pyswarms.single.global_best - INFO - Optimize for 100 iters with {'c1': 0.5, 'c2': 0.3, 'w': 0.9}
2021-12-20 09:50:10,785 - pyswarms.single.global_best - INFO - Optimization finished | best cost: 21.94849588223523, best pos: [-2.12159608 -8.09261806 -5.53449613  7.23932345  9.006875   -6.41313926
  4.74612401  6.59075402  5.43148427 -3.03819579]
2021-12-20 09:50:25,008 - pyswarms.single.global_best - INFO - Optimize for 1000 iters with {'c1': 0.5, 'c2': 0.3, 'w': 0.9}
2021-12-20 09:50:26,342 - pyswarms.single.global_best - INFO - Optimization finished | best cost: 19.68785424630719, best pos: [-2.14443182  4.06794902 -1.66647489 -2.20613203  3.97983218  3.36131339
  4.00106751 -7.45428254  3.21190918 -2.10544958]
2021-12-20 09:50:30,168 - pyswarms.single.global_best - INFO - Optimize for 10000 iters with {'c1': 0.5, 'c2': 0.3, 'w': 0.9}
2021-12-20 09:50:41,450 - pyswarms.single.global_best - INFO - Optimization finished | best cost: 20.193416962998676, best pos: [ 6.35903222 -3.4063481   6.5699721   3.5211876   3.15612117  1.720091
 -5.14036666 -9.66624725  8.1593043   8.60101675]
2021-12-20 09:50:43,876 - pyswarms.single.global_best - INFO - Optimize for 10000 iters with {'c1': 0.5, 'c2': 0.3, 'w': 0.9}
2021-12-20 09:50:53,267 - pyswarms.single.global_best - INFO - Optimization finished | best cost: 21.22167007683994, best pos: [ 6.59775129 -5.59279995 -4.18828235 -5.93278658 -6.05592405  4.73769864
  3.32976365  7.34595526  3.62547398  7.09314953]
2021-12-20 09:51:18,809 - pyswarms.single.global_best - INFO - Optimize for 10000 iters with {'c1': 0.5, 'c2': 0.3, 'w': 0.9}
2021-12-20 09:51:30,606 - pyswarms.single.global_best - INFO - Optimization finished | best cost: 21.76108793908226, best pos: [ 0.39792058 -2.9051796   6.32495926  7.11599009  5.10088849  8.57764323
 -4.57694467  8.68349562 -3.32444066  2.52091722]
2021-12-20 09:56:02,384 - pyswarms.single.global_best - INFO - Optimize for 10000 iters with {'c1': 0.5, 'c2': 0.3, 'w': 0.9}
2021-12-20 09:56:02,679 - numba.core.transforms - INFO - finding looplift candidates
2021-12-20 09:56:17,692 - pyswarms.single.global_best - INFO - Optimization finished | best cost: 14.48497345372245, best pos: [ 1.37972566  1.91049158  2.55774975 -2.51637675  1.78418436  2.60849219
  7.77228185  0.09716263 -0.58941523  3.91046561]
2021-12-20 09:56:21,862 - pyswarms.single.global_best - INFO - Optimize for 100 iters with {'c1': 0.5, 'c2': 0.3, 'w': 0.9}
2021-12-20 09:56:22,473 - pyswarms.single.global_best - INFO - Optimization finished | best cost: 17.97233716637237, best pos: [ 7.86952726  0.84068787 -0.4765146   1.90003945 -0.67903442  2.15557911
  1.38219393  0.83138924  1.23205126  4.33393148]
2021-12-20 09:57:39,198 - pyswarms.single.global_best - INFO - Optimize for 100 iters with {'c1': 0.5, 'c2': 0.3, 'w': 0.9}
2021-12-20 09:57:39,864 - pyswarms.single.global_best - INFO - Optimization finished | best cost: 19.332454681396484, best pos: [-9.19055509  0.63111698  4.8542938  -1.74751317 -1.40396807 -2.92910951
 -0.44034469  5.42253079  4.59818278  0.77573019]
2021-12-20 09:57:41,765 - pyswarms.single.global_best - INFO - Optimize for 100 iters with {'c1': 0.5, 'c2': 0.3, 'w': 0.9}
2021-12-20 09:57:42,444 - pyswarms.single.global_best - INFO - Optimization finished | best cost: 19.130634307861328, best pos: [ 2.53192092  3.84258089  0.50729002 -3.40468856 -3.04859242 -2.43454417
  2.93392083 -4.64406669  0.24742134  6.25948555]
2021-12-20 09:57:47,419 - pyswarms.single.global_best - INFO - Optimize for 100 iters with {'c1': 0.5, 'c2': 0.3, 'w': 0.9}
2021-12-20 09:57:47,992 - pyswarms.single.global_best - INFO - Optimization finished | best cost: 19.50884437561035, best pos: [ 1.76701876  6.04298324  6.53980959 -1.49101872 -0.92298614  0.69605371
  4.43878706  9.16074551 -3.89169641 -4.75435858]
2021-12-20 09:57:55,613 - pyswarms.single.global_best - INFO - Optimize for 1000 iters with {'c1': 0.5, 'c2': 0.3, 'w': 0.9}
2021-12-20 09:58:02,134 - pyswarms.single.global_best - INFO - Optimization finished | best cost: 18.954265594482422, best pos: [ 4.76467709  7.50074787 -5.06842736  3.6807194   2.49478277  2.3847347
  7.29847157 -5.44939903  0.36635344  7.81173687]
2021-12-20 11:09:30,381 - pyswarms.single.global_best - INFO - Optimize for 1000 iters with {'c1': 0.5, 'c2': 0.3, 'w': 0.9}
2021-12-20 11:09:39,699 - pyswarms.single.global_best - INFO - Optimization finished | best cost: 18.96337127685547, best pos: [ 5.91412318 -4.38231387  1.07066794 -0.0972073  -1.48024715  5.81203557
 -1.65562737  0.20286633  4.01133635  9.92023949]
2021-12-20 11:53:35,383 - pyswarms.single.global_best - INFO - Optimize for 1000 iters with {'c1': 0.5, 'c2': 0.3, 'w': 0.9}
2021-12-20 11:54:20,560 - pyswarms.single.global_best - INFO - Optimize for 1000 iters with {'c1': 0.5, 'c2': 0.3, 'w': 0.9}
2021-12-20 11:55:03,993 - pyswarms.single.global_best - INFO - Optimization finished | best cost: 19.23964500427246, best pos: [-4.36224444  5.14380452  0.23074308 -1.05034999 -0.69706908  4.1416615
 -1.49948109  5.39052216  1.93317998 -5.66874563]
2021-12-20 11:55:08,505 - pyswarms.single.global_best - INFO - Optimize for 100 iters with {'c1': 0.5, 'c2': 0.3, 'w': 0.9}
2021-12-20 11:55:09,462 - pyswarms.single.global_best - INFO - Optimization finished | best cost: 19.23964500427246, best pos: [-5.90949879  5.006296    1.84595231 -0.74476333  0.28737573  3.51244526
 -2.18500128  6.73034997  2.71410794 -8.03315102]
2021-12-20 11:55:14,214 - pyswarms.single.global_best - INFO - Optimize for 100 iters with {'c1': 0.5, 'c2': 0.3, 'w': 0.9}
2021-12-20 11:55:15,137 - pyswarms.single.global_best - INFO - Optimization finished | best cost: 19.239643096923828, best pos: [ 2.70229679 -6.27439545 -1.85737998 -0.53315191 -0.85993246 -4.91718344
  1.92527638 -8.48108387 -3.59445115  2.99381299]
2021-12-20 11:55:23,066 - pyswarms.single.global_best - INFO - Optimize for 100 iters with {'c1': 0.5, 'c2': 0.3, 'w': 0.9}
2021-12-20 11:55:23,643 - pyswarms.single.global_best - INFO - Optimization finished | best cost: 18.87407684326172, best pos: [ 0.02701698  7.88238784 -6.08606983  0.60571324  3.36443036 -0.48462914
  7.2296669  -6.20303407 -4.16199272  8.79735719]
2021-12-20 11:55:26,519 - pyswarms.single.global_best - INFO - Optimize for 100 iters with {'c1': 0.5, 'c2': 0.3, 'w': 0.9}
2021-12-20 11:55:27,243 - pyswarms.single.global_best - INFO - Optimization finished | best cost: 20.128860473632812, best pos: [ 1.78701392  1.00290386 -1.16132732  2.05071814  0.74066281  1.94527099
 -4.08383442  3.01580111 -1.83396684  0.89783874]
2021-12-20 11:55:28,382 - pyswarms.single.global_best - INFO - Optimize for 100 iters with {'c1': 0.5, 'c2': 0.3, 'w': 0.9}
2021-12-20 11:55:29,167 - pyswarms.single.global_best - INFO - Optimization finished | best cost: 19.54632568359375, best pos: [ 2.92332926 -7.27697488 -6.21334579  6.18344982  6.03801716  4.44893155
 -7.23282043  7.49531764 -6.69974563 -2.53171281]
2021-12-20 11:55:36,668 - pyswarms.single.global_best - INFO - Optimize for 100 iters with {'c1': 0.5, 'c2': 0.3, 'w': 0.9}
2021-12-20 11:55:37,207 - pyswarms.single.global_best - INFO - Optimization finished | best cost: 19.399702072143555, best pos: [ 0.79188589  0.56452826 -0.50161517  0.51707426  0.36552358  0.29058205
  0.81946327 -0.78080435 -0.35587022  0.65578946]
2021-12-20 11:55:38,993 - pyswarms.single.global_best - INFO - Optimize for 100 iters with {'c1': 0.5, 'c2': 0.3, 'w': 0.9}
2021-12-20 11:55:39,614 - pyswarms.single.global_best - INFO - Optimization finished | best cost: 19.702768325805664, best pos: [-0.17836906 -0.14412379  0.45949613  0.03758038  0.24433389 -0.1561165
 -0.03053613  0.53188485  0.14642932  0.21418719]
2021-12-20 11:55:57,702 - pyswarms.single.global_best - INFO - Optimize for 100 iters with {'c1': 0.5, 'c2': 0.3, 'w': 0.9}
2021-12-20 11:55:58,589 - pyswarms.single.global_best - INFO - Optimization finished | best cost: 18.86466407775879, best pos: [-0.00570959  0.8498363  -0.3256403   0.27024027  0.17024417 -0.14591494
  0.44840602 -0.75715812 -0.31506606  0.01951495]
2021-12-20 11:56:01,898 - pyswarms.single.global_best - INFO - Optimize for 100 iters with {'c1': 0.5, 'c2': 0.3, 'w': 0.9}
2021-12-20 11:56:02,750 - pyswarms.single.global_best - INFO - Optimization finished | best cost: 18.74013900756836, best pos: [-0.46387911 -0.59336352  0.15669017  0.63317216  0.38174344 -0.40561175
 -0.52987257  0.76336758 -0.26130073 -0.73947662]
2021-12-20 11:56:11,447 - pyswarms.single.global_best - INFO - Optimize for 1000 iters with {'c1': 0.5, 'c2': 0.3, 'w': 0.9}
2021-12-20 11:56:15,172 - pyswarms.single.global_best - INFO - Optimization finished | best cost: 18.740137100219727, best pos: [-0.06207425  0.2414532  -0.2775456  -0.67421948 -0.53373612 -0.10877477
  0.10437809 -0.86555307 -0.18801098  0.58140076]
2021-12-20 11:56:26,575 - pyswarms.single.global_best - INFO - Optimize for 1000 iters with {'c1': 0.5, 'c2': 0.3, 'w': 0.9}
2021-12-20 11:57:00,396 - pyswarms.single.global_best - INFO - Optimization finished | best cost: 72.11909484863281, best pos: [ 0.05705437 -0.19707582 -0.28494728  0.66655743 -0.22140493  0.22300268
 -0.40403172 -0.13969478 -0.16180967 -0.26079309 -0.07710054  0.46253648
 -0.65530497 -0.12443024 -0.35244981  0.15023658  0.10633826 -0.43816493
 -0.19668022  0.52285583]
2021-12-20 11:57:53,084 - pyswarms.single.global_best - INFO - Optimize for 1000 iters with {'c1': 0.5, 'c2': 0.3, 'w': 0.9}
2021-12-20 11:58:15,045 - pyswarms.single.global_best - INFO - Optimize for 1000 iters with {'c1': 0.5, 'c2': 0.3, 'w': 0.9}
2021-12-20 11:59:21,027 - pyswarms.single.global_best - INFO - Optimize for 1000 iters with {'c1': 0.5, 'c2': 0.3, 'w': 0.9}
2021-12-20 12:02:27,299 - pyswarms.single.global_best - INFO - Optimization finished | best cost: 2433.977294921875, best pos: [-0.37824296  0.25570428 -0.39630439  0.26440711 -0.26236626 -0.03574843
 -0.18667326 -0.35617058  0.07345476  0.32842715 -0.2468214   0.05173215
  0.28098636  0.35333649  0.00638336 -0.05092378 -0.05397089  0.02876831
  0.26237337 -0.28049712 -0.12587055 -0.11260468 -0.24320851  0.03690086
 -0.10650365 -0.06036264  0.35892558 -0.06096789 -0.01850465 -0.18786112
  0.07493366 -0.7399194  -0.02145927  0.36920896  0.13291983 -0.31829868
 -0.05269207  0.42756531  0.66119637 -0.04216752 -0.21849824 -0.38406331
  0.06692294 -0.04746167 -0.02497609 -0.11544046  0.20753969 -0.17641086
 -0.22289695  0.47655101  0.15831961  0.0250014   0.48143261  0.55059282
  0.08977631  0.28375098 -0.33199416 -0.35514779 -0.31654793  0.38864463
  0.1728655   0.36415564 -0.3364815   0.07368669 -0.3864339   0.28021934
 -0.16915557  0.45343343 -0.14512567 -0.60835274  0.1584234  -0.64033195
  0.02845177 -0.09734381  0.13110454  0.25453807 -0.04121687  0.05243696
  0.07860378  0.06407727  0.03872752 -0.13244085 -0.13683228 -0.11077032
  0.60037413 -0.02193197 -0.37612789 -0.23223631 -0.18068624  0.02338973
  0.10351314  0.15895491  0.28418354 -0.70011409  0.5836058  -0.82380519
  0.40179172  0.21939938 -0.31371695  0.05882319]
2021-12-20 12:03:07,058 - pyswarms.single.global_best - INFO - Optimize for 1000 iters with {'c1': 0.5, 'c2': 0.3, 'w': 0.9}
2021-12-20 12:05:34,701 - pyswarms.single.global_best - INFO - Optimization finished | best cost: 9936.5751953125, best pos: [ 2.27921355e-01  1.13075214e-01 -4.24464964e-01  1.41221837e-01
 -8.66256270e-02  6.24197607e-01  2.63043814e-01 -1.51927558e-02
  2.05699394e-01 -9.02200076e-03  4.44729129e-01  2.78069905e-01
 -8.05462895e-02  4.35038181e-03 -3.19674880e-01  2.69274192e-01
  4.40793661e-02 -6.30748440e-01  4.90713539e-01 -2.15196086e-01
 -6.49520048e-02 -1.58175653e-01 -2.83274865e-01 -5.77320089e-01
  2.42954292e-01  9.28096396e-02 -5.02159319e-03 -2.39991650e-01
  2.76871659e-01  7.34310359e-02  3.76574808e-02  3.59260269e-02
 -2.82543588e-01  3.57641047e-01 -2.89941645e-02 -3.10886138e-01
  3.13608869e-01  3.13051716e-01 -2.19229127e-01 -1.88514457e-01
  1.21825066e-01 -3.90681080e-01  5.00654940e-02 -8.77406481e-02
 -3.87434285e-01  9.22808334e-02 -2.18166985e-01 -2.97862202e-01
  2.98864373e-01  1.77700519e-01  2.89901774e-01  1.07571844e-01
  2.51398649e-01 -3.47754916e-01 -7.91705099e-02  1.99413776e-01
  6.92001972e-03  4.01691549e-01  5.87851023e-01  1.50900358e-01
 -7.80755134e-02 -1.75736520e-01 -6.85847875e-02 -4.16431428e-01
  2.05256352e-02 -4.21847659e-01  3.58368145e-01 -1.43349588e-01
  3.28432216e-02  5.04258344e-01 -9.55814767e-02  9.68327642e-02
 -3.15034317e-01 -2.14416942e-01 -1.71662700e-03 -2.02141687e-01
  2.66156312e-01 -4.56178162e-02 -5.96603555e-02 -2.99331825e-01
  4.28336578e-01 -3.36183283e-01 -2.77118039e-01 -3.74725842e-01
  6.94967075e-02  3.01282871e-01  3.26151479e-01  4.68235623e-02
 -7.88240115e-01  1.27723873e-01  3.00853975e-03 -1.39582823e-01
  5.70293127e-03  9.23552295e-02  3.59155385e-01  3.23132491e-02
  2.13473020e-01  8.64623678e-02  1.56419341e-01 -1.49548945e-02
  2.85380860e-01 -2.88074873e-01 -1.94467901e-01  9.29287967e-01
 -8.12474484e-02  1.88351377e-01  1.13708651e-01  2.84695773e-02
  4.04787438e-02  2.56214598e-01 -2.49595201e-01  1.47254115e-02
 -4.73148772e-02  2.90078696e-01  8.23238982e-02  8.99283916e-02
  1.83874234e-01 -2.16452837e-01 -7.40193355e-03 -1.62967960e-01
 -1.01776720e-01 -4.11971710e-01  1.19292742e-01 -1.99031453e-01
 -3.68133693e-01 -2.10228827e-02 -1.06622303e-01  1.23741445e-01
 -2.34345247e-01  6.04216253e-02  9.16373170e-02 -2.85102452e-01
 -1.82597449e-02  1.33916561e-01  2.65348099e-01 -1.25705153e-01
 -1.89456261e-01  2.85508097e-01 -2.12651363e-01 -1.95482924e-01
  6.62348200e-02 -3.13010748e-01  4.66032658e-01  2.29433368e-01
  7.86222380e-02  2.79333877e-01 -1.06746223e-01  2.43250170e-01
  1.04557717e-01 -1.13369070e-01  4.87575870e-01  1.19088861e-01
 -4.73369733e-01 -1.97559729e-01 -8.05421929e-02  1.92317102e-02
 -1.75213735e-01 -9.31458315e-01 -7.94439849e-02 -1.44826090e-01
 -1.73761920e-01  5.83557677e-01  2.25679327e-01  1.61522260e-01
  1.84802689e-01 -2.57157489e-01  7.38730310e-02 -2.41446359e-01
  2.32432174e-01  2.55487667e-04 -9.50172929e-02  5.62346922e-03
 -6.89535188e-02 -1.88607377e-01  1.54376503e-01 -4.28496993e-01
  1.72881811e-01  4.21907617e-01  1.02606428e-01 -1.93108119e-01
 -2.99308827e-01  4.06647522e-02  4.44417788e-01 -2.34716998e-01
  1.63716483e-01  4.53733897e-01 -2.36357945e-01 -3.57629706e-02
  3.44291164e-01 -6.23660162e-02  1.91714595e-01  3.97399058e-01
  2.38157738e-01 -1.44844764e-01 -4.97850884e-01  5.24415830e-02
  1.31597382e-01 -8.18429606e-02  4.29588754e-01  2.17789132e-01]
2021-12-20 12:06:09,040 - pyswarms.single.global_best - INFO - Optimize for 1000 iters with {'c1': 0.5, 'c2': 0.3, 'w': 0.9}
2021-12-20 12:08:36,955 - pyswarms.single.global_best - INFO - Optimization finished | best cost: 9930.5927734375, best pos: [-0.07295021  2.22055161 -2.67961549  2.08317019  1.15500624  4.25981611
  0.80363129  2.66220537 -4.93061413  9.31719656  4.10209383  0.14152399
  7.02202556  2.94983953 -3.59810143 -0.37420931  0.59950228 -0.81044044
  4.77786989  4.08891988 -5.46780305 -0.33311319 -2.53510147 -2.53004978
  3.88002246  1.67886373  1.83629743  0.34540202 -3.55976914  0.17414153
  0.17275113  6.30918039  4.06218785  4.34482952 -6.80488294  1.93559756
 -2.52991399 -2.67426945 -2.89006817 -7.94135398 -2.31620922 -2.52742018
 -6.13586757 -5.09573233  0.15338723 -3.33974666  5.64275322  2.73501408
 -1.41100936 -0.84040852  6.88825541  3.24021264  4.54595633 -0.20396539
 -5.04181245  1.36884848  2.70771399  6.71414435  8.38496551  2.97150899
 -3.24246898 -0.9147679  -3.07737391 -3.42607343  3.95204586  4.72223563
  8.33052445  0.67902965  5.99740722  0.05623044  0.47359202  0.93317024
  1.32314042 -1.5643799   1.26304889 -3.22253943 -0.79788385 -2.1958785
 -7.10957837 -5.73654482 -1.16107173  2.26695266  2.24985552 -3.15000489
  5.97598661 -6.036718    0.89475362  3.56576743  4.46972857 -1.58325259
 -6.30167931  3.20546772  0.12475553  2.17253782 -2.17163923 -1.17857179
 -6.25435009  5.63144494 -2.12012061 -0.99769868 -0.7419554  -2.73395748
 -3.56363493  3.11839552  3.58268852  2.91246727  4.34475511  1.75510605
  3.09871965 -1.53664537 -5.67210161  4.54854891 -0.46408822  2.53036639
  0.68589451  3.47280587  4.67758332  2.61473569 -7.65514142 -1.16957165
  0.65326427 -0.27959112  3.18512879  1.71383328 -2.91611505 -2.55403136
 -6.72521379  6.4097904   0.08920571  0.93271856  0.62306111 -3.14445674
  4.8096887   0.85548063  1.4284837   4.91836435 -1.63481167  2.60748823
  0.73966348 -0.24830556 -3.27260877  5.68610352 -6.46171621 -0.05604232
 -2.61074798  0.5204175  -3.48048373 -0.68858055 -3.8172861   2.65080986
  3.14373118 -1.39011784  4.62746104 -0.2779011   5.57695498  4.77920776
 -6.33329363  2.47708656  2.10523022  2.13892161  1.88035083 -6.16902341
  1.23476843  4.07808785 -3.22109721 -4.01354605  5.74576015 -6.45289217
 -4.72569151 -4.2513575  -7.07210846 -3.17763182 -3.36181638 -3.18807947
  3.69716591 -2.47724121  2.68987807 -4.50109183  3.04939203  3.15048004
  1.89521059  3.13637495 -8.01761154  5.83492728  2.37973224  0.07104627
 -1.7729877  -4.63933373  2.3125886   4.66258378 -3.12538724  3.86191661
  0.60580482 -0.48468393  0.24803674  1.36845704 -1.19128139 -3.25629801
 -3.58039688  3.57949563]
2021-12-20 12:09:03,821 - pyswarms.single.global_best - INFO - Optimize for 10000 iters with {'c1': 0.5, 'c2': 0.3, 'w': 0.9}
2021-12-20 12:12:27,479 - pyswarms.single.global_best - INFO - Optimization finished | best cost: 9966.9248046875, best pos: [-4.21330065  2.17538788  4.33620115  6.07310325 -1.45673252  7.47629859
  8.32372971  8.87587237  7.42225149  7.39158654  5.21379826  2.83892138
 -1.45138078 -4.91517375  8.06240185 -3.45831022  3.21428713  1.70520106
  5.73681717  9.33089751  4.13643295 -5.44642288  2.86940377 -3.27007468
  4.52711458 -1.25006272 -3.29557888 -4.91791519 -3.96950734 -3.21650426
 -6.22581975  9.27654117  4.61299881  6.03545071  2.50460059 -8.721096
  5.14915834 -6.84209537 -0.36992     1.53828579  9.24940164  4.87514702
  1.63163811 -6.84520262 -7.9537313   7.20877688 -9.74288503  4.74657378
  2.3174997  -1.21611856 -4.60793256  1.73208259  5.11260161  1.86780208
 -5.02220244  2.9311296  -7.06406293  1.03762079  8.78372452  0.62362119
 -1.44343894  8.84957023 -2.92857896  5.26229653  5.28213842 -8.11524588
  1.3762227   0.6052764  -7.19782221  8.5757261  -7.13035666 -8.0680122
 -3.43555088  4.86741234 -3.16569661  2.65398738 -1.32877677  5.82252794
  1.25837209  7.87010077 -5.49130542  4.32206638 -2.15990431 -6.41583469
  6.81262241  8.47939344  2.68220321 -7.72399381  2.02780267 -7.39530134
  5.88255179 -3.77892697 -4.13821565  4.89554148 -3.68182006  3.48743916
  3.2109744  -6.38234978  6.84618794  6.27576013  1.47907561  6.86765438
  6.12305298 -5.78917116  2.8175033   1.90606145 -4.70012045  7.51205627
 -1.54318564 -7.34475936  7.97762724 -1.53377909  7.99557349  6.87730079
  0.93283092 -6.78414849  2.55719765  2.34009232 -8.40165881  5.54637931
  8.89866241  7.7715539   0.16564044  6.90647519 -2.24197108 -9.4455223
  7.11601345  8.0975996   3.70486667 -2.67115309 -5.98977213  0.53998998
 -0.02639704  0.59956219  2.07383675  7.8290838  -4.01472618 -2.70170587
  8.53728345  6.54628094 -0.12387716  7.61300664 -6.70885695 -8.49342242
  3.50007081 -0.93898744  1.33119371 -1.96058259 -1.28732979 -4.65853026
  1.05094991 -4.57141985 -3.05109856 -4.25169381  0.81248822 -4.3126831
 -5.8239937  -8.46833673  5.64319071  8.72402968 -0.77193144 -3.12201479
 -8.7799258   3.35977718 -9.4185229   5.66700946 -6.9418771   3.57693352
 -2.10437097 -8.60874646 -3.68545431 -7.21170231  6.24255611 -8.61933218
 -6.32864366 -2.64339295 -1.11582113  2.0682361  -6.98040145  1.23605859
  8.0387721   9.08629687 -7.95434637  3.43954111  6.3215187   3.30483697
  4.97661081  7.65865328 -0.06066072 -6.57009715 -6.41645957  6.22326356
 -3.55335026 -6.1331519  -5.89567134 -5.95920998  7.5013801   3.80367828
 -1.03467694 -3.10847293]
2021-12-20 12:26:35,095 - pyswarms.single.global_best - INFO - Optimization finished | best cost: 2409.351806640625, best pos: [ 0.4731693   0.08329649 -0.35478258  0.36755219  0.45805843 -0.59952662
 -0.62666368  0.57825951 -0.02490019 -0.29928592 -0.262833   -0.20782451
  0.06587943 -0.34154976  0.51331649 -0.33234896 -0.50010122 -0.41287129
  0.3685317  -0.47820141  0.37924794  0.04272574  0.26341779 -0.28889757
 -0.26248927  0.08348343  0.80169456  0.19589266 -0.24824168 -0.07096903
  0.09305732 -0.22174516  0.09055607 -0.33473391  0.30807363  0.03923646
 -0.40993524  0.20505113  0.42213101 -0.58235867  0.07624794 -0.19746328
  0.33906997 -0.57894929 -0.19608117 -0.02770357  0.33459009 -0.38125548
 -0.12088144 -0.35307223  0.56321492  0.45729627 -0.66384721  0.13451216
  0.77018179  0.28292591  0.17942076 -0.27721368  0.00796049  0.20167124
 -0.37720935  0.50616255 -0.19679815  0.16391337  0.00516878  0.24392248
 -0.16229494  0.35863496 -0.33670218  0.4653033  -0.4042119  -0.06298028
 -0.29926804  0.02992515  0.14918397  0.28377827  0.42686972 -0.09963792
  0.07130235 -0.68823054 -0.10609078 -0.03770761  0.38730352 -0.08645073
  0.23410452 -0.16618664 -0.3482781  -0.39820105 -0.72740312  0.53419943
  0.39149372 -0.11143431  0.6199519  -0.48825496 -0.61547843  0.3140403
  0.63533154  0.08441316  0.57473119 -0.14549777]
2021-12-20 13:08:20,631 - pyswarms.single.global_best - INFO - Optimize for 1000 iters with {'c1': 0.5, 'c2': 0.3, 'w': 0.9}
2021-12-20 13:08:23,037 - pyswarms.single.global_best - INFO - Optimization finished | best cost: 76.07302856445312, best pos: [-6.18793549  2.33175532 -1.99707066 -1.68365604  0.63260887  1.74947716
 -0.69237994 -2.75062616  0.86388157  5.517096   -0.42377332  1.84494159
  6.4006194   0.59657408  0.65137758 -1.9477119  -7.62152438 -3.98024671
  3.98067571 -3.16983074]
2021-12-20 13:09:05,106 - pyswarms.single.global_best - INFO - Optimize for 1000 iters with {'c1': 0.5, 'c2': 0.3, 'w': 0.9}
2021-12-20 13:09:07,321 - pyswarms.single.global_best - INFO - Optimization finished | best cost: 75.37052917480469, best pos: [ 0.84324934  5.87935824 -3.8197974  -8.0431538  -1.93211174 -0.20831735
  1.36387294 -2.60003986 -2.76295655 -2.9490634  -2.50251021  3.70015085
 -1.20863196 -2.56349961 -1.36838301 -4.38290191  0.81017506  2.18583486
  6.23368119  3.50226484]
2021-12-20 13:09:44,282 - pyswarms.single.global_best - INFO - Optimize for 1000 iters with {'c1': 0.5, 'c2': 0.3, 'w': 0.9}
2021-12-20 13:09:46,852 - pyswarms.single.global_best - INFO - Optimization finished | best cost: 75.87355041503906, best pos: [-4.29349481  1.72202     3.65701063  7.38254233  0.50764477  3.23930632
  5.12260696 -6.50673475 -2.50093459 -0.80302114  2.29765573 -3.1358187
  1.84338118 -2.82273226  4.73373168  3.54364486 -3.78073824 -5.39498266
  1.78047825 -1.71755212]
2021-12-20 13:12:12,701 - pyswarms.single.local_best - INFO - Optimize for 1000 iters with {'c1': 0.5, 'c2': 0.3, 'w': 0.9, 'k': 3, 'p': 2}
2021-12-20 13:12:15,275 - pyswarms.single.local_best - INFO - Optimization finished | best cost: 76.8188247680664, best pos: [-2.35393355 -5.57173232  0.661442   -8.26294738 -0.21881785  1.87104535
  1.53313178  2.81019823  4.17524847  0.17858596 -3.64960084  5.94913842
 -6.85852131  3.54504355  0.9908852   2.05093354  1.84130766 -1.03517069
  4.943972    2.64136015]
2021-12-20 13:12:29,143 - pyswarms.single.global_best - INFO - Optimize for 1000 iters with {'c1': 0.5, 'c2': 0.3, 'w': 0.9, 'k': 3, 'p': 2}
2021-12-20 13:12:31,258 - pyswarms.single.global_best - INFO - Optimization finished | best cost: 74.9059066772461, best pos: [ 4.39004302  0.81435478 -4.01075382  1.63655338  8.46500443 -1.08735374
  2.02259164  0.93061586  6.25536516 -4.5850744   2.06498282 -2.33702076
 -6.63891914  1.20931562 -3.90234887 -0.81847195  0.03069579  4.42957597
  0.14303819 -3.52623066]
2021-12-20 13:12:41,939 - pyswarms.single.local_best - INFO - Optimize for 1000 iters with {'c1': 0.5, 'c2': 0.3, 'w': 0.9, 'k': 3, 'p': 2}
2021-12-20 13:14:59,091 - pyswarms.single.local_best - INFO - Optimization finished | best cost: 9913.6865234375, best pos: [-3.18649551  4.97902891 -5.13889484  2.48648426  2.57002793  0.90104451
  0.80046463  3.38443739  0.11789313 -3.90866195 -1.94446895  2.4587722
  0.03574767 -3.63400694  2.95992039  5.56475372  0.10345117  0.41266976
 -0.93751877  2.37526521  6.41714761  5.63361397 -2.39911917  5.77655058
 -1.31767599 -3.95271482 -1.55653082  5.35445794  4.48874605 -1.39311812
  3.91552996  2.45156107 -3.04314148  0.05403397  1.31744155  1.52235336
 -0.88716202 -2.48910131  0.32460341  4.5951863   1.71791097  2.72093668
  4.81144917 -2.79915334  4.30970949  0.29735294 -0.86933723  8.42064522
 -1.73307718  5.00549595 -3.21610459  0.7313621   2.79288335  0.76191309
  3.93767214 -1.28017699  6.35516134 -4.0611838  -0.43581204  0.57178159
 -2.11680345 -1.30321377 -1.62344967  2.20060566  2.43518851  3.26941004
  4.65929598 -1.78774382  2.99154141 -2.6833583   4.60823025  0.9192818
 -2.34679578  4.52275957  5.72721615  2.29702872 -1.98342544 -0.85493545
  0.46368375  1.69335593  5.32157546  1.95083074  0.83574215 -1.30196579
 -0.66459363 -4.71770749  1.22822556  4.66738375 -0.75990472 -3.29406059
  4.1200016  -0.53294886 -8.81921612  1.75419368 -4.0174942   3.59447935
  4.09566545  4.07723735 -4.30369877  6.7645348  -0.54285156 -2.47147742
 -0.90867286  2.29965782  4.57101833 -2.39895926  5.91775072 -0.26944187
  6.94268317 -2.78857286 -1.03243493 -4.03965341 -4.71463008 -1.33009024
  3.99697095 -2.24769166  8.49376483 -1.06030185 -0.34644165 -4.27865956
  2.50080534  1.5899165   4.75793384  0.50014545  1.34513072  4.81453659
  0.24108965 -0.36137729  6.15894596  3.24549913  6.05111526  5.43091798
 -2.0602807   4.21628943 -5.43886526  1.51891716 -2.51832121  2.06765143
  5.30443262 -0.77139633  0.77752664  0.51693106  0.54871672  0.5417064
  1.79882837  0.32811739  2.1128452   3.50493147 -0.93712283  2.55502892
  0.36788611  5.80847422  3.92802176  1.44449741  1.00893831  0.85746251
  3.68533116 -4.3857162  -0.58974477  0.71664502  0.30347434  0.3826457
  4.09786141 -1.15996589 -2.47261637 -1.82423156  1.937366    0.54789404
 -5.57942061 -3.19350127 -0.31989027 -1.83987204 -1.09839915  5.16584328
 -1.58180077  6.22626234  2.89995534 -2.91711025 -4.44619481 -1.33368317
  4.35147279  2.07875165 -5.7714307   1.26728343 -0.35220097 -3.67083219
  1.97550816 -3.75995197  4.05169739 -0.7193387   1.34001126  1.25808408
  1.29559909  8.77850586 -3.08151596 -6.03349986 -0.36141338  1.36937205
  0.7897313  -0.7509106 ]
2021-12-20 13:15:38,032 - pyswarms.single.global_best - INFO - Optimize for 1000 iters with {'c1': 0.2, 'c2': 0.3, 'w': 0.9}
2021-12-20 13:15:58,920 - pyswarms.single.global_best - INFO - Optimization finished | best cost: 2440.099853515625, best pos: [-1.01305039e+00  3.34293489e+00  1.46745500e+00  2.50349740e+00
 -2.03556252e+00  2.02910739e+00 -1.44940733e+00 -3.97183781e-01
  2.48108767e+00  1.89831181e+00  2.02341383e-01  2.49338286e+00
  5.15218944e+00  1.04235619e+00 -1.28440995e+00 -1.87592357e+00
  1.82542785e+00  1.22865484e+00  2.82866331e+00  5.01023740e+00
  4.40246038e+00  6.02708446e+00  1.77887295e-01 -2.16265162e+00
  1.61351351e+00 -1.44446529e+00 -5.80294386e+00  1.05586282e+00
 -2.47094783e+00  2.28560968e+00 -1.10509855e+00 -2.93529603e+00
 -2.48690256e+00  8.84943061e-02 -2.89852212e-01 -1.44395597e+00
  3.88263351e+00 -3.54182315e+00  2.48733168e+00 -2.91589605e+00
  4.73514526e-01  2.76759346e+00 -1.17711327e+00  4.65497770e-03
  8.40615081e-01  3.36530122e+00 -4.16261344e-01 -5.22990260e+00
  1.14129228e+00 -4.43170014e-01 -2.82780253e+00  2.37928514e+00
  6.22351515e+00  2.46493729e+00  3.08747422e+00 -3.10844950e+00
 -2.97794203e+00 -3.18120496e+00  1.72782661e+00 -4.63507966e+00
 -3.28149334e+00 -2.56865102e+00 -3.25263330e+00 -7.54788854e-01
 -5.69108639e+00 -4.98599219e+00 -1.89740277e+00 -2.19769426e+00
  5.23757028e+00 -2.14423232e+00 -3.80897442e+00 -1.80598396e+00
  3.56525461e+00 -8.38150099e-01  1.09557598e+00  6.23446067e+00
  3.58991286e+00 -2.97405362e+00 -5.71002502e+00 -4.84704573e+00
  3.24322813e+00  3.76538815e+00 -2.95176827e-01  2.59253607e+00
  1.25585305e+00  6.63543272e-01  1.73136679e+00  9.46041729e-01
 -3.02977535e+00 -3.45714361e+00 -1.58654943e+00 -2.26463749e+00
  9.73741540e-01 -3.47115722e+00 -7.86364394e-03 -1.30190571e+00
  4.54224658e+00 -2.33594287e+00  7.14258427e-01  4.00121981e-01]
2021-12-20 13:16:02,060 - pyswarms.single.global_best - INFO - Optimize for 1000 iters with {'c1': 0.8, 'c2': 0.3, 'w': 0.9}
2021-12-20 13:16:24,322 - pyswarms.single.global_best - INFO - Optimization finished | best cost: 2450.191162109375, best pos: [-7.59486211  6.0344847   2.76881541 -4.28532391  5.17788222 -7.24371816
  1.18008839  3.29652675  4.63544033 -0.36673506 -4.51556383  2.97062349
  3.94627764 -5.79096979 -5.14869923 -7.23620426 -0.62804972 -4.7040385
  2.7941229   5.35456298  1.28566268 -2.10415513  3.98681227 -2.50249983
 -0.2469964  -0.43024921  6.73220811  2.80113917  0.56828421  9.32012012
 -2.26952885  5.00098402  5.00475458 -4.84288206  5.04788296  5.14652767
  2.35775993  1.00888276 -2.06610619  7.99683884 -5.10471529  5.68425436
  2.16077804 -3.6015045   3.23088158 -4.15346321 -6.48565119 -3.32791394
 -1.94118153  2.51516059  4.90424393 -3.8780202   0.39097598  6.12787617
 -3.06918679 -0.65915425 -2.93497902  0.27596713  4.63524189 -3.18455684
 -4.85734974  1.28552998  3.51244949  3.98875426 -3.32488877 -0.87903281
  1.94262937  3.84970195  8.39206385  3.01341413  7.66049211  6.9744977
  1.94682917  4.15308347  0.32064482  4.77186842  0.06468127 -1.85420285
 -4.29515127  0.29137665 -7.35081531  5.02660991 -3.0250934   4.85510387
 -1.983147    4.87366632  2.30716441 -7.27062112 -9.59283832 -1.58479692
  5.52724376 -4.68524997  1.28556429  6.71820885  1.23702852  6.6106696
 -3.13544111  2.94242528  4.25268003  8.60438831]
2021-12-20 13:17:42,521 - pyswarms.single.global_best - INFO - Optimize for 1000 iters with {'c1': 0.5, 'c2': 0.3, 'w': 0.2}
2021-12-20 13:18:03,362 - pyswarms.single.global_best - INFO - Optimization finished | best cost: 2462.998779296875, best pos: [ 1.68714541 -6.77829191 -0.44189472  2.21696159  8.39998857 -0.1204307
  4.65607787  2.7621859  -3.03523218  3.28017057 -2.49678149  5.18020803
  5.29513949 -4.57016428  0.24556324  5.46878248  6.28139853 -1.69404834
  4.81754518  3.98676341 -6.04764798  6.74295029 -0.82278655 -1.30686275
 -1.04852183  3.22143841 -0.69551823  6.10256337 -7.24318863  9.11537417
 -3.15615001  4.98525679 -0.6302121   6.52149698 -3.32943795  4.48303354
  7.8682993  -3.11853619 -4.32178111 -2.22782624 -5.61242899 -4.16824698
 -7.03201504 -1.42894049 -7.26984131  6.9035919   7.65475771 -9.11508557
  3.72140243  5.0007387   8.07662633 -8.23314858 -0.79258097 -6.58594677
  0.19485332 -6.84565096  1.75878239 -4.57924634  4.82826672 -4.00256523
  0.15489517  7.30939167  2.19263246 -2.53243492  1.61013518 -2.02829556
  3.23047229  3.41119253 -6.32583871 -5.14948668  5.08362893  4.48261723
  5.03314974  4.7215951   7.94112952  8.46237275  2.69997316 -3.93374865
 -0.21128089  5.38356224 -4.93435988  3.48073748  6.53737234 -1.77283089
  4.10519041 -3.19437044 -6.31968574 -6.96922396 -0.97873042  6.08703208
  4.25180999  3.78588104 -0.5739342   2.97961398  3.25606305 -2.08736224
 -2.96566972  5.96786884  1.83397427 -5.03815775]
2021-12-20 13:20:30,969 - pyswarms.single.global_best - INFO - Optimize for 1000 iters with {'c1': 0.5, 'c2': 0.3, 'w': 0.9}
2021-12-20 13:22:03,665 - pyswarms.single.global_best - INFO - Optimize for 1000 iters with {'c1': 0.5, 'c2': 0.3, 'w': 0.9}
2021-12-20 13:22:22,551 - pyswarms.single.global_best - INFO - Optimization finished | best cost: 72.90574645996094, best pos: [-0.94114525 -3.64426747 -2.2097362   1.73361576 -3.41255291 -2.43330494
  1.84951544  3.63952907  3.44777648 -2.40374598 -0.17969107 -0.09388376
  6.87601891 -0.13533346  1.87747374 -2.08434284 -1.5779158   4.19663153
 -4.10915499  1.28193715]
2021-12-20 13:22:26,155 - pyswarms.single.global_best - INFO - Optimize for 1000 iters with {'c1': 0.5, 'c2': 0.3, 'w': 0.9}
2021-12-20 13:23:34,881 - pyswarms.single.global_best - INFO - Optimization finished | best cost: 2429.7578125, best pos: [ 3.40096663 -0.60500002  2.58535901 -2.09163604  6.06557814  1.32971136
  5.89869284 -5.29142513 -1.23069442  2.36871209 -3.61249383  1.23898881
  1.44283395  4.00236181 -3.1656469   5.11145594 -2.55175466 -0.96692611
 -5.75758591 -0.9094915  -1.69582632 -1.80071303  1.63172495  4.8640586
 -4.23104725  3.09412618  9.55081339 -0.88092913  3.5939149  -4.03207266
 -7.76813288 -3.33332019 -0.63923624 -4.56445704 -2.58647816  0.22628526
  5.05831722 -6.89261122 -2.34665547 -1.33158171 -0.71159012  2.9108026
 -0.5162009   5.11224149  1.18314343  1.01932441  4.09084736  5.23567903
  3.57719904 -6.43193822  6.97360485 -1.65738774 -0.66008943 -1.33011612
  1.74955465 -1.73146628  1.00380639 -3.05975261 -1.63941631 -0.39596502
 -1.57430089 -6.25749506 -3.03800708  4.55768312  6.22620061  4.99550639
  2.95235124 -1.6228484   2.49247295  0.56774377  3.15858717  0.74875853
 -4.36171815  2.82172162  0.36238058 -7.02651901 -2.33715026 -2.60402131
  1.26829255  3.88036126  0.51948084  2.17412576 -6.63245766 -2.44679673
 -0.42835338 -1.92766345 -3.56200981 -6.16436086  3.32564481  3.1448185
  0.81203742 -3.91310975 -5.3704444   0.65596251  4.60599713 -5.91257208
  2.7301298  -2.03278305 -4.63584165  3.65934174]
2021-12-20 13:24:38,901 - pyswarms.single.global_best - INFO - Optimize for 10000 iters with {'c1': 0.5, 'c2': 0.3, 'w': 0.9}
2021-12-20 13:25:02,307 - pyswarms.single.global_best - INFO - Optimization finished | best cost: 73.1365966796875, best pos: [ 4.8685247   5.97995159 -2.39457097 -4.24819719  6.78173825 -0.93764696
  3.21841994 -3.21663565 -2.95740612  8.79638498  4.35298586 -0.15770874
  9.68822902  4.56043208  2.40730552 -1.57202637  4.70178576  4.88280506
  4.98960135  1.02644307]
2021-12-20 13:25:09,562 - pyswarms.single.global_best - INFO - Optimization finished | best cost: 73.8250732421875, best pos: [ 6.41346799 -1.71652347  3.12629311 -0.83391589  0.67551799  1.69133707
 -4.14607546  5.73386426  5.44642446  0.57486827  6.27085213  3.51488997
 -5.17767402  6.08971743  3.31629265  2.62723876  7.47664342 -4.19670521
 -2.26319468  3.42595939]
2021-12-20 13:25:10,728 - pyswarms.single.global_best - INFO - Optimize for 10 iters with {'c1': 0.5, 'c2': 0.3, 'w': 0.9}
2021-12-20 13:25:13,063 - pyswarms.single.global_best - INFO - Optimization finished | best cost: 76.26377868652344, best pos: [ 4.09817707  3.1421023   4.89178446  5.35174083  1.80641144  3.2469321
  5.38226497 -3.59146069 -4.71874556  0.88110635  8.13273633  3.3749089
  5.65495108 -1.46545108  5.48876522  4.21549445  4.14503701  1.31891046
  3.23187617  8.4745222 ]
2021-12-20 13:27:37,208 - pyswarms.single.global_best - INFO - Optimize for 10 iters with {'c1': 0.5, 'c2': 0.3, 'w': 0.9}
2021-12-20 13:36:58,121 - pyswarms.single.global_best - INFO - Optimize for 10 iters with {'c1': 0.5, 'c2': 0.3, 'w': 0.9}
2021-12-20 13:36:59,735 - pyswarms.single.global_best - INFO - Optimization finished | best cost: 78.31964874267578, best pos: [-6.10489456 -5.17607858  1.23346758  3.26018468  0.0825734   3.12133767
  6.66651957  3.00923751  1.86775336  1.66783283 -4.87253924 -2.11400024
  1.63352049 -2.57232502  7.62910058  0.12651637 -8.96172787  3.04384374
 -0.3701217  -1.62053449]
2021-12-20 13:37:02,757 - pyswarms.single.global_best - INFO - Optimize for 100 iters with {'c1': 0.5, 'c2': 0.3, 'w': 0.9}
2021-12-20 13:37:03,763 - pyswarms.single.global_best - INFO - Optimization finished | best cost: 75.0289077758789, best pos: [ 8.71574416 -2.17359459  0.99879412  3.72792327 -2.43166181 -6.41681488
 -5.58692212 -2.02437384 -1.92014805  3.36421625  5.07583691 -6.32231879
  5.35376458 -5.88683992 -3.18771672  0.24750243 -5.8799453   5.96229107
 -6.60340137  3.87180136]
2021-12-20 13:37:06,738 - pyswarms.single.global_best - INFO - Optimize for 100000 iters with {'c1': 0.5, 'c2': 0.3, 'w': 0.9}
2021-12-20 13:41:45,952 - pyswarms.single.global_best - INFO - Optimization finished | best cost: 74.35762023925781, best pos: [-0.73869784 -2.89842511  1.46870653  8.57807243  2.99360073  3.05216516
 -1.66291252 -0.54092834  0.12441421  2.83404767 -4.73787219 -3.73337489
 -2.59644321 -7.42684965  0.3366073   4.75569545 -1.21494504 -2.34613271
 -3.43035038 -3.97722711]
2022-06-09 08:02:46,040 - pyswarms.single.global_best - INFO - Optimize for 100000 iters with {'c1': 0.5, 'c2': 0.3, 'w': 0.9}
2022-06-09 08:03:17,233 - pyswarms.single.global_best - INFO - Optimize for 100000 iters with {'c1': 0.5, 'c2': 0.3, 'w': 0.9}
2022-06-09 08:04:14,849 - pyswarms.single.global_best - INFO - Optimize for 100000 iters with {'c1': 0.5, 'c2': 0.3, 'w': 0.9}
2022-06-09 08:08:13,138 - pyswarms.single.global_best - INFO - Optimize for 100000 iters with {'c1': 0.5, 'c2': 0.9, 'w': 0.9}
2022-06-09 08:08:40,883 - pyswarms.single.global_best - INFO - Optimize for 100000 iters with {'c1': 0.5, 'c2': 0.9, 'w': 0.9}
2022-06-09 08:08:59,304 - pyswarms.single.global_best - INFO - Optimize for 100000 iters with {'c1': 0.5, 'c2': 0.9, 'w': 0.9}
2022-06-09 08:09:11,806 - pyswarms.single.global_best - INFO - Optimize for 100000 iters with {'c1': 0.5, 'c2': 0.9, 'w': 0.9}
2022-06-30 15:19:53,434 - pyswarms.single.global_best - INFO - Optimize for 100000 iters with {'c1': 0.5, 'c2': 0.9, 'w': 0.9}
2022-06-30 15:20:10,507 - pyswarms.single.global_best - INFO - Optimize for 10000 iters with {'c1': 0.5, 'c2': 0.9, 'w': 0.9}
2022-06-30 15:20:25,886 - pyswarms.single.global_best - INFO - Optimization finished | best cost: 18.740137100219727, best pos: [ 23.06254617  77.47155149  -4.87068108 -43.39274718 -16.61367091
   9.21717495  46.68030932 -94.14497675   2.30127798  89.72704104]
2022-06-30 15:21:07,045 - pyswarms.single.global_best - INFO - Optimize for 5000 iters with {'c1': 0.5, 'c2': 0.9, 'w': 0.9}
2022-06-30 15:21:15,777 - pyswarms.single.global_best - INFO - Optimization finished | best cost: 18.74013900756836, best pos: [ -1.59280849 -12.68807867  22.03549653  53.26319972  48.23220374
   3.23154155  -2.62926295  84.20297296  14.97687666 -21.60866307]
2022-06-30 15:21:18,788 - pyswarms.single.global_best - INFO - Optimize for 5000 iters with {'c1': 0.5, 'c2': 0.9, 'w': 0.9}
2022-06-30 15:21:27,226 - pyswarms.single.global_best - INFO - Optimization finished | best cost: 18.740137100219727, best pos: [ 40.76947405  46.39414378 -17.69857733 -39.71859431 -26.60781762
   7.77556045  45.05677833 -44.94350711 -14.26058032  90.29005612]
2022-06-30 15:21:49,500 - pyswarms.single.global_best - INFO - Optimize for 5000 iters with {'c1': 0.5, 'c2': 0.9, 'w': 0.9}
2022-06-30 15:22:05,617 - pyswarms.single.global_best - INFO - Optimization finished | best cost: 72.87582397460938, best pos: [-12.72801722  -7.18028995 -14.79926648  28.54733601   4.2203895
 -11.2922056   24.48711823  -7.20985267 -14.10599451 -33.71706521
  17.45909086  -9.18607315 -42.17595102  -8.66043449   7.70355016
 -11.61944419 -12.06806283  -2.46375987  -2.49577448  15.26551608]
2022-06-30 15:22:08,759 - pyswarms.single.global_best - INFO - Optimize for 5000 iters with {'c1': 0.5, 'c2': 0.9, 'w': 0.9}
2022-06-30 15:22:54,111 - pyswarms.single.global_best - INFO - Optimize for 5000 iters with {'c1': 0.5, 'c2': 0.9, 'w': 0.9}
2022-06-30 15:23:10,600 - pyswarms.single.global_best - INFO - Optimization finished | best cost: 74.43110656738281, best pos: [-46.0625195   60.49037275 -18.31354729  10.20750774  12.81411219
  -7.37318022  -4.36341927  39.43579892  14.67005638  -5.85708787
  57.51431117 -33.62693732 -84.56460514  49.67391504 -21.2459656
 -11.46016361 -15.95629835 -66.04611492  67.88755798 -32.79235097]
2022-06-30 15:23:22,597 - pyswarms.single.global_best - INFO - Optimize for 10000 iters with {'c1': 0.5, 'c2': 0.9, 'w': 0.9}
2022-06-30 15:23:50,114 - pyswarms.single.global_best - INFO - Optimization finished | best cost: 73.33830261230469, best pos: [ 27.69983403  19.49739968  32.75780945 -55.41052878 -26.06020703
  12.35182929 -46.17332428  -6.51788358  -3.60775075  61.77152368
  18.56394627  15.57514649  85.19262705 -25.10237368 -42.28772772
  32.0652606   28.51731623  23.75448366   2.67052961  16.11745033]
2022-06-30 15:23:55,874 - pyswarms.single.global_best - INFO - Optimize for 10000 iters with {'c1': 0.5, 'c2': 0.9, 'w': 0.9}
2022-06-30 15:24:23,749 - pyswarms.single.global_best - INFO - Optimization finished | best cost: 73.2010498046875, best pos: [  79.15325643 -302.98263462  224.85921824  -78.48249923  314.82076145
  158.22757037  -60.66776477 -254.32153847 -205.69750491   17.92415361
 -185.91497302  140.45227217   43.9470056  -197.22989058  226.71103773
  223.38630558   94.46123226   52.04642881 -621.6737389  -142.30796166]
2022-06-30 15:24:39,807 - pyswarms.single.global_best - INFO - Optimize for 10000 iters with {'c1': 0.5, 'c2': 0.9, 'w': 0.9}
2022-06-30 15:24:53,711 - pyswarms.single.global_best - INFO - Optimize for 10000 iters with {'c1': 0.5, 'c2': 0.9, 'w': 0.9}
2022-06-30 15:27:42,901 - pyswarms.single.global_best - INFO - Optimization finished | best cost: 2433.624755859375, best pos: [-9.08449852e+01 -9.91373316e+01  3.88718014e+01  3.74432785e+02
 -8.59503477e+02  1.75239471e+02 -2.11254357e+02  1.80008554e+02
 -1.94968559e+02  1.35602445e+02 -7.74029170e+02  1.27733714e+02
 -6.24827185e+01 -3.06326839e+02 -2.13200556e+02  3.12897093e+02
  1.72796552e+02 -1.82395220e+02 -2.65820075e+02  3.19360882e+02
 -2.48452069e+01  3.04895631e+02 -2.61181112e+02 -4.42589746e+02
  4.24866191e+02  1.28833863e+02 -3.20776670e+02  6.51647448e+02
 -3.89589923e+02 -5.81169206e+02 -1.78331851e+02 -3.40748509e+02
  6.77525691e+02 -4.79840721e+02  9.94966584e-01 -1.34737831e+02
 -3.68881534e+02 -3.49800395e+02 -2.83608653e+02  3.96941944e+01
  3.18551248e+02  2.55182155e+02 -1.07612504e+02  1.40060088e+02
 -2.11129070e+02 -1.58505965e+02 -5.16580733e+02  5.65205648e+01
 -1.61174411e+02 -5.65505689e+01  5.01877375e+02 -3.39417875e+01
  1.12734436e+02  6.15419300e+01 -5.63958890e+02  2.45947888e+02
 -1.36247332e+02  1.05509236e+02  2.69261328e+02  3.13685833e+02
 -4.32324605e+02 -1.06059894e+02 -9.34008806e+01  7.07324180e+00
  2.98762414e+02  4.93294537e+01 -4.84019686e+02  2.53670556e+02
 -1.23311388e+02 -9.99656213e+02 -8.28912811e+01  8.91563741e+01
  2.03917264e+02 -1.72950870e+02 -1.12734246e+02 -1.19257078e+02
 -3.51428947e+00  8.01665808e+01  3.53347266e+02 -1.40055220e+02
 -3.53102289e+02 -2.78002802e+02 -2.40875521e+01 -1.95154619e+02
 -6.59363136e+00 -8.44060987e+01  8.35726802e+02 -2.16526022e+02
 -8.53797066e+00  4.99456645e+02  1.09780133e+02  2.88079862e+02
 -4.43983890e+02  2.98321744e+02 -3.06238229e+02  8.81923197e+00
  1.85136850e+02 -6.11176832e+02  5.23825501e+01  5.81990742e+02]
2022-06-30 15:28:09,014 - pyswarms.single.global_best - INFO - Optimize for 10000 iters with {'c1': 0.5, 'c2': 0.9, 'w': 0.9}
2022-06-30 15:30:52,852 - pyswarms.single.global_best - INFO - Optimize for 10000 iters with {'c1': 0.5, 'c2': 0.9, 'w': 0.9}
2022-06-30 15:51:16,216 - pyswarms.single.global_best - INFO - Optimization finished | best cost: 9846.7529296875, best pos: [ -51.42972897 -257.9667393   196.95591091  347.18476572 -367.15479994
  291.55770094 -352.87230844  -17.96801686 -170.08479107 -747.75617286
 -298.64707908   64.01340962  -21.75909021  188.60106411 -151.93626131
  264.53185438  110.7957312    -3.65904513  -44.05053964  -58.88631001
  254.479345   -202.30464682 -166.49577966  220.22644048 -124.74586748
   45.79797389  216.67680544  124.41082239   57.77374885  195.01580119
  -25.45799594 -133.58170284  -64.3927323  -245.6931718   119.66828832
  -17.71840095  -86.48231637  -81.00260896  243.43539181  213.26786055
   14.10503877   22.38219587 -110.29375094  209.10508751 -230.48093767
 -320.83716449   66.14115277  222.79640503   90.15237307    5.42282466
   71.93866758  140.91167043    1.66380184 -185.04349755  221.60844606
 -371.50092994  152.01692554   26.90499908   73.15355736 -200.09128172
  289.18319436  -43.14734668 -177.00017115  102.83088912   67.28729303
  -46.29223327   77.16446679   -7.55968021 -287.72558995  215.76285826
  294.67657668  240.60041355  119.94071624   -7.27100565  156.66751194
  -58.33554545 -142.21420013 -316.25802598  -90.95868356  278.82933932
  -67.85090535  -96.91483228   33.59472013   29.07042134  -45.88848456
  -96.61623253 -215.93954918  -67.43586934 -380.53408429 -149.65372257
 -124.53034296  201.32101101  -53.49402839   90.76685384  206.77323726
   38.38045404  327.07721863 -156.17839081 -174.95149312   81.46785825
   55.6094795   -89.2639621   297.04745336  281.81173738  -77.9074058
   24.91439539  267.47126463 -262.11727568  144.39808075   33.73077859
 -156.72228621 -193.95383455  296.38409354   17.83562876  -36.60479736
 -118.25179503 -395.56810966   46.8697627    73.50938673 -344.28618416
 -264.62901319  261.68682987  277.0270003    11.0189578   252.38986394
  221.17124324  -83.12606589  234.0701099   122.90012925 -377.91455143
   -9.14913716  329.68207538 -203.06970985    1.85450883 -106.00384221
  183.48865651   48.52621761  132.59218612  192.07841062  393.25524283
  -66.90521795  187.64798644  -50.97697001   19.25264455   30.43001165
  -51.83136043 -336.72024414  398.10255161  324.41429667 -188.12810542
  224.80216558   72.19670459  134.69019515  193.64573556  -47.1314862
  209.62474402   74.16010737  -78.33532173  -25.70553365  121.50507008
   22.34349825 -180.98005613  -81.87364159 -130.57714901 -154.06432057
  300.93325243  106.61973164  186.31220211  361.30061359 -226.89489331
 -107.05757732  120.24920311   15.97842777  419.03457866 -197.26793548
   73.80913528   58.52113133  -24.14029634  -86.02910814   50.51319386
  184.5882835   138.28251347  -49.61284542 -109.08710597   98.01453199
 -178.83375093  -77.84576329  227.46405588  364.04210474  -86.96009346
   26.0225238   -29.44240842   37.20802208  328.19312522   18.96696049
  318.56662307 -109.37737403 -448.69575238  198.46169612   80.12813893]
2022-07-06 15:38:56,741 - pyswarms.single.global_best - INFO - Optimize for 1 iters with {'c1': 0.5, 'c2': 0.9, 'w': 0.9}
2022-07-06 15:39:16,028 - pyswarms.single.global_best - INFO - Optimization finished | best cost: 249229.84375, best pos: [-399.21830321  887.81867195 -738.72958755  515.06854589  893.40094714
 -118.54853322 -244.66027074 -913.55304783  355.96287015 -450.59630226
   -9.23242988  344.02150015 -967.36613462 -963.37964468  172.18073408
 -299.61151319 -772.3288703   843.66130125   -5.33030393 -264.77843135
   43.6499293  -675.34238934  975.83435321 -473.03409505  973.77755827
  231.62468394    7.09691288 -251.186755   -420.29833135  -21.78326863
  304.77173203  409.62974468 -720.75781141 -299.8829386  -253.72345154
  779.86041086  200.45813848 -752.85369846  776.91406485  904.09347035
 -975.36948475  -22.35332852 -808.26533671 -128.50474768  429.65648437
 -750.70487547  749.59466256 -821.20035179 -405.53574521  613.50575566
  742.38777684  497.57985353  563.71868112 -837.96823339  -97.15031123
  382.34065302 -608.02606216  329.74999889 -848.88247967 -813.26864667
 -441.02847903    7.92950656 -890.83632606  869.44502203 -397.69102097
 -862.15782592  318.24755916 -622.31412831 -701.19658041 -145.22718557
  117.94833433  373.24828296  267.71719893 -497.67310986  414.22947869
  458.25923897  935.56228889  554.61884111 -165.87305865 -812.00223368
  598.16183021 -593.22664572  481.1746747   835.99091092 -788.52837432
  348.34982921 -672.35715796 -559.15843254 -750.41286658 -167.72236782
 -592.28464526  132.15928764  323.9757109   239.3685252    43.26887738
  -81.81450573 -718.89100265  -93.6794048  -641.36702635 -835.98496316
  132.35151662 -728.33044539 -570.65428658 -940.6590671  -292.76970839
  972.9451852   817.1246666  -759.17745818 -871.13399959 -423.10843862
 -516.80099228  724.12217992  144.15822341  929.15789586  872.79026767
  263.20268822  610.05393719 -580.11857419 -501.60489495  706.40918261
  869.36428919  971.35881399  607.47884089 -927.0717656   707.43687005
  655.64605501  952.21142248 -682.37519873  564.71195492 -748.59968521
  972.24033387 -939.15019851 -525.68252478  -97.09678902 -940.97573474
 -997.09375288 -224.32521204 -135.17625775  470.00666997 -831.88453676
 -986.93831611  -96.90115217  -47.87679932  213.24412331  744.69607194
 -343.57146242 -662.4041179   131.21127882  572.2980834  -234.80023119
 -773.19864354  967.47359768   88.18750795 -230.77873977 -172.17030717
  706.04204266 -472.01038507   55.35057981 -148.32164131  978.55728685
 -977.77303446 -629.91739715   25.23577914  895.60520174 -526.49816547
  607.10929375 -133.7977675   443.00384354 -563.45285515 -774.75348123
  444.35115329  859.99066571 -581.62033313  417.15726864 -901.81020791
  421.69960562  318.73869002 -768.16711294 -139.46018816  997.97420859
   91.12219908 -582.5065863   359.98568179  954.99695569   90.25701019
  699.59428732 -824.90303058  753.63071169  -81.07761481  365.95028235
  912.87797832  -23.11142641 -136.00140578  377.88429349 -878.92853501
 -327.50063671 -889.64497447 -394.45940704  200.50183089  663.46736318
 -951.5796679   827.86948431  832.04692941 -231.42666105 -378.92384833
  930.85350871  -33.16653863 -997.69258218  312.83327485 -579.73473674
  203.91623407  506.38130256  -40.70446801  591.462634    -90.07639175
 -694.45687396 -407.09496681 -661.74422104  508.32783268  180.59295339
  380.10748566 -985.73528351  974.04990448 -798.34553725 -502.44896651
 -582.21298101 -358.44616622  539.2110394   406.57148285  947.82838424
 -731.13642621 -155.39561141  644.42632095  808.83432353  985.5079792
 -201.59232563  732.583858    889.0150585  -987.86866706 -456.40729793
  398.5984765  -939.9652692  -368.86095623 -848.83820709  360.10386425
  519.47307156 -163.28669121   71.8658406   100.95355026 -994.81169445
 -545.64245775  246.44133079  818.78894519 -878.90404024 -154.32102266
  231.43608835 -451.33549976  552.18092557 -622.05011187 -398.52453464
 -311.01986251  876.22374354 -333.75597499  268.40100753 -538.66487446
 -453.11755883 -395.32028628  407.08513636  436.19924616 -826.64669449
 -885.76082834  -82.44210934 -873.04576467  814.64832203 -181.74875364
  385.8789517  -789.18504194 -959.22484302  629.21086544 -405.61382639
  914.14347337  678.66321968 -918.19468735 -386.59189436 -336.70673094
 -620.01939662 -602.50663824 -723.65786335 -526.80779159 -988.63992173
 -605.61327566  282.15377681  451.2361678   815.38253685 -295.27624831
  725.07889939 -647.80590902 -896.37185782  140.7387854  -446.87911625
 -942.35886451 -510.97064662 -220.3074471   -38.30154747  705.26028904
 -551.3545773   247.86540831  186.3758657   -97.3505419   975.60895989
  170.23252169 -875.50269942  -74.18206414   63.55747911  369.62439073
  414.7950156  -201.46195161  240.86236203 -814.87104165  542.15791619
   80.19445625 -875.0362054   -72.59534842 -777.24283966  531.94137303
  357.53425046 -661.04996659 -881.09397185  429.06924603  931.86038815
 -942.29116342 -280.59037086 -719.45308126 -818.19762316  460.77399115
  274.24496552  235.46916663 -923.34686185  -92.6403987  -218.98361414
  414.64506013 -896.15753033  309.7056225   -57.36826415  927.79783747
 -596.16332826 -801.33951632 -373.81201401  200.10413423  456.22788748
  586.55100703  900.59900188  282.59817143 -794.0620676   834.13837863
   15.02613315 -699.04048277  856.95564995  447.55121374 -686.06954786
 -197.48665486 -976.81579102   83.28443284    5.46320781 -142.81885408
 -826.15521621 -684.22906395 -223.29818261  847.79959983  242.44044543
 -496.16453885  165.20881417  556.23954268 -577.44938593 -889.03246929
  -97.56195958  151.45347336  522.75952255 -705.2202731   363.1508459
 -360.97615536 -505.32264879  732.3589559   -76.05065813 -756.25546088
 -674.63345644 -796.8951391  -560.88548355  419.41922658 -379.68749725
 -242.13823796 -426.00862335 -309.62875142  495.65426919  -94.6632756
  449.08624606  292.26341882  512.66267496 -951.80932027  -52.74819417
 -439.74506692   65.32329613  185.64567194   75.04415277 -337.56697859
 -397.35572808  669.62890677  307.17179202 -290.08967336  301.53298895
  807.4847657   240.74945973 -328.98289378  303.70814405 -120.95372919
   30.14558309 -277.94771731 -586.49959498 -793.20846128 -257.78649416
 -544.06210466  767.68122752  -42.69132578 -592.41082379 -599.5317771
 -463.38750218 -782.17087452  893.97331797 -622.08199691 -712.62012524
 -386.86727674 -977.46194996 -217.0856695   247.31201757  733.97285236
  852.09577552 -661.19987601  448.54222805 -477.23212649  577.46373393
  448.38505126 -331.23927595  607.04412166 -788.44721897  -15.40051484
  849.87858398  887.41235618 -337.36006721  584.9599884   758.95810227
 -447.63192066  553.37249012 -433.66666073 -205.32159234  364.72716441
  450.66120384  671.85947162 -269.02305186  556.35291558  673.15001994
  517.78283536 -972.94212693 -932.34191717 -713.74625762  917.28160002
  797.28759796 -702.10355137  435.95697174 -631.56756701 -879.05510641
 -614.21314818 -466.3587772   132.01803296  364.37664875  419.72801926
 -177.67532661  377.86525757  410.25060678 -969.82327302 -261.93200563
 -192.65134018  441.29680851 -115.85839015  668.20017942  483.94525827
  792.99741658  104.04793348 -658.09530596    3.4257616   715.86080287
 -268.559162    390.79331005  477.28839563 -826.50925421 -258.23738157
  -54.33339774 -595.36074178  183.03895309  802.938719   -605.16449372
  -21.73516478 -256.29154283 -696.38699334  135.64355203  336.46243917
 -421.46601192  116.95864371 -846.65253611  460.48051169  759.02657938
 -739.67050041 -587.04061261  645.4324872   623.67899945 -811.34656874
  874.67336747  203.97278045  437.15315262 -133.89534291  475.22915012
 -668.70833591   62.55693752  209.22755277  875.21408596  403.80171571
 -345.20325009  -54.88247404  113.15512719  180.34783972 -538.23858169
   32.68283875  192.37737781 -853.12374654  547.30081219  900.7692874
  379.36163851 -772.62867813  620.67574431  356.98716455   23.08299342
 -677.18165915   82.6873628   459.29778067 -266.76342529  774.67726706
 -619.52267846  758.5837759  -579.99548394  409.59515695 -350.65365576
 -630.34263738 -205.58098599 -959.30322626 -320.67726872  894.94599595
  195.25317498 -632.37816902  283.27215516 -797.16999119 -331.17559494
 -203.94706763 -838.22721686  635.9949327  -198.07396054  643.89879394
  156.22084259  376.34417885  706.62561964 -721.97292943  204.74804951
 -149.24350734 -214.19768236  712.21220967  598.35854985  350.32712067
  647.07649124 -723.47345505 -991.37071124 -432.15157926 -269.88829953
  447.30201288 -316.28577465 -605.92973765 -432.12067695 -496.46421365
  950.60202994 -124.43897235  712.05295087 -830.76605752  -30.38665495
  963.14254321  403.88020881  410.91437571  433.95508024 -379.05459641
 -475.91164118 -266.53713047   22.64500581 -219.97117928  465.70306733
 -312.71324892 -307.07411096 -967.06454365  627.59844961 -855.10673798
   75.1242088  -443.66391467  277.10871892 -753.628262   -576.63491707
  428.69014191 -911.79701684 -716.82849774  427.08326544  655.48180129
  872.42042452 -665.43610688 -810.43779267  770.27891678 -193.44511826
  239.61570662  704.80128661 -488.25807973  707.74009344    1.1120784
 -334.41596932  497.05648899   95.56358783 -548.82357558  273.38546968
 -902.36612377 -634.70973736 -513.43201909 -234.86992247  635.01118472
  310.9205129  -634.38460687 -425.30759059 -971.64901729  538.53684012
  347.40318632 -944.40300162 -948.57449971 -244.41704523 -235.72290969
  130.63363335 -271.15226406  -92.17783797 -220.42109606 -481.44682402
 -185.6252152   536.18043568  538.68947482 -346.32479333  971.07304618
  323.75267665 -265.73571614  -81.56399595  471.9689717  -640.28294842
 -456.20719391 -873.16855703  351.60822819 -966.62662088 -881.26026922
 -897.47056769  241.10567321  532.25041418 -814.7554189   878.22458126
  -92.44473395 -555.38166989   20.41828251  587.94483843  205.57787926
  -52.15828637  875.18386513  907.48310553  441.02560844  384.29154383
  830.72430555  294.60401299  313.81096388 -292.79152665 -114.02014025
  703.13360128 -228.71140846 -749.9386697    40.53196654  625.31055837
  329.21116001 -840.2528006  -783.88254137   86.78075553  915.59770385
  955.93422045 -780.35664027  -13.22964368  780.83585296 -608.63799823
  358.42904108   96.5204583   880.83174945  985.58221026  832.45955618
  -64.13936464  771.01505138  854.61868545  748.43129922  583.24367597
 -470.1484748  -340.5744207  -414.73072532 -325.55816046  297.52717704
   80.99740399   66.41097473 -583.83961706 -414.67296156  344.16505803
 -489.81818888  439.71556962   89.05718743 -367.76507761 -238.38847105
  886.59267826   46.37267131 -956.83297214 -777.04468916  433.68533191
 -854.53408785  636.09675359  471.15221017 -491.44347281  896.8911435
 -510.91642215  806.15633594 -877.35497501 -259.20164433 -581.11101301
  195.45845457 -768.01977256 -627.22736574 -861.65913519 -427.96010559
  972.29022745  756.95672267 -174.70380736  669.68744435 -267.98061174
 -281.22369248 -553.71193274  553.04401849 -937.30894174 -160.23668558
  335.54711894 -574.70319096 -202.04124748  -56.72726379 -650.09017189
 -853.64904672 -889.33516709 -824.97479454 -477.47495137 -946.4109849
 -929.34462553    1.58863659  730.10187543  -50.11777162 -275.75699441
  404.61502265  721.5150144   -42.02514792  784.8708538   908.12730718
  305.95841993  740.7761948  -304.31596407  -55.14037001  932.58650885
 -972.11609749  408.78012917 -591.02885912 -926.70448409 -581.50258399
  175.0371688  -269.60551251 -852.99861149  427.61161187 -134.74740101
 -725.84280139 -194.66378937 -530.97272912  716.21778699  312.89616983
  497.88741792  797.69832092  581.3968732   -80.05896161 -409.50819073
 -613.95973377    3.61017691 -684.92144969  394.76426966  509.24653494
 -342.49600636 -805.66336536  513.23803761 -881.93630026  124.41157253
 -474.66411255  765.83570785  209.60426934 -209.50528189 -874.02107331
 -187.45932646  962.97783316    2.69351116 -501.88669176 -510.71448099
 -846.22527256 -601.53263898  806.55410919  981.84342754    1.51771217
 -818.95413803  436.39508903  405.96473113  101.90262189  526.77195027
  893.50980333  838.9441625  -282.95852996 -872.17939104 -596.73520255
  -78.62717829  704.56386003  -84.90762867  288.25550607  752.54397698
  804.51441446 -225.30006038 -837.20725161 -462.06110489  812.56792952
  531.38086325 -847.07395056  484.98054128  414.93011037  799.1464821
 -631.14193305 -282.92153365 -357.16935172  193.38402116  240.54808559
 -187.82443835 -306.05832917  879.79734592  -24.70263552  652.83843271
  391.54655052  228.24480548  328.75641128  626.42066742 -527.31078576
  163.15427791 -144.7550977  -152.12479812 -155.77643085 -664.48738624
  159.7819424  -104.75874764 -641.35189464  131.99231    -799.45058136
 -628.74021832  991.56471202 -832.469477    804.73990073 -330.23509128
  341.58030007 -809.74308643 -103.20883919 -272.59417261 -615.34608168
  156.14011967  477.45192417 -538.28079991 -689.88695315 -358.56462903
 -982.62647584  492.30063925 -960.62481654  623.61164542  312.18586278
  408.75683146  826.30722037 -881.71199243  -71.03596915  311.32938296
  371.49316566 -486.30003281  296.31499667  971.7855705   -38.16648601
  290.13493344 -336.17915903 -647.90637877  699.85549611 -153.7163552
  176.204875    659.89696476  489.47281795  170.99675072 -283.80006069
 -268.58317125 -967.21429313  226.03728697  733.40454171  643.58430101
 -194.25487971 -250.75356496 -454.07846224 -117.90687999 -397.70141159
  838.63995751 -698.09353189 -835.35655885 -232.46028006 -493.43133786
  777.13856611  406.40508028  783.70043455  318.57606913 -389.27676827
  653.38262782  381.69441972 -609.1965559  -982.87063005 -488.01415012
  965.31721664   69.58345532  949.10739385 -274.95614984 -514.03749915
 -696.27744496 -629.87001038  373.64936415 -951.10932318  -53.14883484
 -853.14154942 -747.64821094  -36.17379278 -225.48226083 -751.40131503
  335.91603566  378.35288867 -238.15723366  888.31479597  207.49711421
  535.96488896  239.3376153   388.60256562  330.7477535   -61.90520137
 -884.31879212 -254.3428296   997.65255658  446.70909878  221.64926245
 -570.46134484  395.71038824  -92.89283241  -25.73095763  808.78487104
 -276.63660228 -168.31605249  406.37663333 -510.13359856   22.06430816
  115.14529898 -160.01741638 -432.28516248 -392.59134121 -635.79825899
  530.60250652  394.06372191  231.12670494 -812.80826979  557.55077818
 -206.51285783  240.93092265 -877.71631499  360.79260045  287.47746143
 -186.62747824   34.96806663 -541.14180983  582.06293426  347.35770455]
2022-07-06 15:39:57,196 - pyswarms.single.global_best - INFO - Optimize for 100 iters with {'c1': 0.5, 'c2': 0.9, 'w': 0.9}
2022-07-06 16:03:48,332 - pyswarms.single.global_best - INFO - Optimization finished | best cost: 249056.53125, best pos: [-3.92774552e+02 -1.10665513e+02 -3.02555640e+02 -2.95740355e+02
 -3.66564871e+02  1.90244025e+02 -9.23470208e+02 -6.27337172e+02
 -3.27931297e+02  8.61174498e+02 -2.32495797e+02  9.65018171e+02
 -1.07478786e+02  3.83299422e+02  3.45737362e+02  1.10479426e+02
 -9.35378556e+02  7.24696788e+01 -2.28307887e+02  7.46276164e+02
 -2.60173133e+02 -5.53718092e+02  2.76281139e+02 -2.18090179e+02
  5.08403036e+02 -9.21758494e+02 -2.47572826e+01 -1.28923993e+02
 -1.40768596e+02 -7.27735304e+01 -2.60081528e+02  1.75977073e+02
 -2.21559642e+02 -3.45320676e+02  8.89022762e+02  4.94415659e+02
 -2.93353886e+02  1.08033306e+02 -6.16732638e+02 -2.47319503e+02
 -2.69292889e+02  8.64311769e+02  3.70522000e+02  1.30364330e+02
  5.16195167e+01  3.67233559e+02 -4.70058838e+02 -8.06496487e+02
  2.12413917e+02 -7.52801835e+02  4.48325861e+02 -9.39905604e+01
  4.65098148e+02 -1.82233323e+02  7.03286025e+01 -5.24195919e+02
  7.33231128e+02  4.40744471e+02 -1.54036138e+02  3.21839680e+02
 -7.42494547e+02  4.72420854e+02  2.28919176e+02  7.17512290e+02
  6.74636683e+02 -4.17820799e+02  8.04364766e+01 -8.29673256e+02
  8.66721584e+02  3.98245644e+02  9.40395678e+02 -1.13983452e+02
  2.36055073e+02  1.71195665e+02 -3.50850141e+02  9.06553303e+01
 -4.69868449e+02 -4.86768341e+01 -1.99524089e+02 -2.27848313e+02
 -7.63745243e+02 -5.83669665e+02 -8.04916728e+02  6.49846010e+01
 -6.43659625e+02 -5.31828254e+02 -5.40341169e+02 -9.17150538e+01
  2.12201253e+02  5.48780816e+02  3.26732822e+02  4.91594758e+02
  8.73384398e+02  4.41117409e+02 -6.20910886e+02 -3.15672162e+02
 -1.82468323e+01  3.55409814e+02 -5.63330114e+02 -8.66671562e+01
 -2.76362252e+01 -1.76679136e+02 -6.25029011e+01  4.41790571e+02
 -6.00804092e+02 -5.50125739e+02 -6.07903480e+01 -6.35539782e+02
 -6.54027930e+02 -2.19793527e+02  3.98734185e+02 -2.45990515e+02
 -2.38131265e+02 -6.64288430e+02 -6.03800491e+02  9.59065363e+02
 -9.09520429e+02 -4.18026759e+02  4.45458866e+02 -7.21009595e+01
  5.99050401e+02 -2.58996850e+02 -4.22074752e+02  7.09772916e+02
 -2.77940630e+01  1.87207874e+02  2.21603457e+02  3.20592447e+02
  1.87412240e+02 -3.81608316e+02 -2.78183478e+02 -5.79895188e+02
 -4.25467946e+02  5.72852181e+02  2.49130175e+02 -7.81526023e+02
 -5.68678555e+02  2.29750853e+02 -1.38520708e+02  9.54782813e+02
  3.53952483e+02  4.10737275e+02  2.17759981e+02 -4.15872747e+02
  7.32659734e+02  8.55295171e+02  2.04010290e+02  4.14459507e+02
 -3.94681391e+02 -2.77671133e+02  2.85350317e+02 -3.18267786e+02
  2.87381761e+02 -6.22099919e+02 -8.21818151e+00 -8.99756136e+02
  2.19301238e+02  1.50597042e+02  4.13994777e+02 -6.94087151e+01
 -2.79382743e+02  8.09550013e+02 -3.34502775e+02 -7.28805955e+02
  2.41514536e+02 -6.71807380e+02 -5.51359711e+02  5.11600080e+02
 -6.73389848e+02  1.44796404e+02 -6.67398534e+02  1.94407171e+02
 -9.25911461e+02 -2.32822316e+00  3.03704159e+02  1.02008957e+02
  7.66732147e+02 -2.48283909e+02 -4.69249796e+02 -3.67535980e+02
  6.63732445e+02 -3.88254754e+02  5.77449629e+02  7.09823515e+02
  8.13746554e+01  3.14188690e+02 -1.13543720e+01 -3.23014819e+02
  2.61073168e+02 -1.12105984e+02  7.23624450e+02 -9.09689077e+01
  5.26436363e+02 -1.16085818e+02  1.90404180e+01 -8.23241633e+02
 -1.32874111e+02 -6.41601977e+02 -3.12812549e+02  7.12128166e+01
 -3.69672791e+02  2.47350370e+02  7.38833612e+02 -1.80287096e+02
 -3.31460911e+01 -9.40768328e+01 -4.57250297e-01 -4.87497837e+02
  6.19992274e+02 -8.79064087e+01  3.14819829e+02 -2.86266639e+02
 -2.42573187e+01 -3.13656026e+02  4.16657003e+02 -3.00898004e+02
  6.31589422e+02 -7.40303110e+02 -2.28214203e+02 -8.83988169e+01
 -6.70599995e+01 -2.04965154e+02  1.84483565e+02  4.85638633e+02
 -2.83482501e+02 -6.28645641e+02 -5.55912402e+02 -7.00907111e+01
 -4.26330692e+02 -3.22464617e+02 -2.95501234e+02 -5.77915775e+01
 -3.08903482e+02  8.05782432e+00 -7.75512741e+02  4.44639395e+02
  6.65111790e+02  2.64531857e+02  5.04440780e+02 -6.82924154e+00
 -6.99378850e+02 -1.38051154e+02  3.48914125e+02 -7.05063581e+02
 -6.57356980e+01  6.32217529e+02 -6.81845856e+02  3.52677054e+02
 -2.81003934e+02  8.03162943e+02  4.81846249e+02  2.73305647e+02
  7.42237460e+01  2.69746580e+02  2.38654562e+02  4.10732436e+02
 -4.51441951e+02 -1.90168450e+01 -9.03352812e+02  3.90543270e+02
 -1.92887339e+02 -1.03312207e+02  4.58621297e+01  1.25001754e+01
  6.19229477e+02 -4.38022889e+02 -2.30046434e+02 -6.61247578e+02
 -6.84641956e+02  9.58745684e+01 -4.70544629e+02 -1.42484639e+02
 -5.51628311e+02 -2.95706126e+02 -4.24491365e+02  4.12259607e+02
  3.60917051e+02 -9.56904625e+02  6.95991207e+02 -3.05690462e+02
  7.10697419e+02  6.80660364e+02  5.20488729e+02  6.19712916e+02
  1.25353715e+01 -5.07134043e+02  1.30930768e+02  7.04038541e+02
  8.69355736e+01  1.38388522e+02 -8.19544728e+01 -4.08928758e+02
  1.87338491e+02 -1.42520177e+02 -4.03196312e+02 -4.32713936e+02
 -4.47392983e+02 -1.43766643e+02 -1.57786134e+01  7.96436872e+02
 -6.54261239e+01  3.56861798e+02  5.39802571e+02 -5.20228330e+02
  5.12030303e+02  8.48026898e+01 -3.18269386e+02  7.53426064e+02
 -6.11546704e+01 -4.26993500e+02  8.59264816e+02  1.10935339e+02
 -3.56774022e+02 -9.21447376e+02  6.13225013e+02 -1.89661914e+02
  3.09148117e+02  8.49421332e+00  6.61672103e+01 -2.77053568e+02
  6.86440067e+02  9.23678396e+02 -5.96658249e+02  8.90267565e+02
 -8.99127898e+02 -7.51240611e+02  2.04207289e+02 -6.02068653e+02
  5.97776348e+02 -3.01782499e+02 -8.61768264e+01 -2.67268242e+02
  3.49113412e+02  8.73252615e+02  6.44494888e+02  3.35305869e+01
 -1.38975719e+02  3.03493765e+02 -4.70023209e+02  1.04321764e+02
  1.14355727e+01  3.36878788e+02  7.54436092e+02 -3.58304065e+02
 -2.85071116e+02 -5.97680411e+02  9.16185468e+02 -1.37011876e+01
  7.69393415e+01  3.20229919e+02 -3.51265925e+02 -4.50876501e+02
  7.48387659e+02  2.22391192e+02 -3.11874231e+02 -7.68686284e+02
  8.33754350e+01 -1.04407252e+02 -3.28994788e+02  5.80105052e+02
  1.73133628e+02 -7.91072479e+02  4.84817379e+02 -2.33343329e+02
 -5.84605683e+02  9.19635736e+02 -9.78206276e+01  4.82590606e+02
  7.46627563e+01  2.62043809e+02  4.49792140e+01 -1.74499250e+02
 -8.27343236e+02 -1.02284452e+02  5.88888364e+02 -5.10199647e+02
 -2.75834966e+02  9.36641767e+02  1.45045213e+02 -4.37407298e+02
  6.87859342e+02 -5.63889645e+02 -1.17996888e+02 -4.77178368e+02
 -5.89672323e+02 -1.21813702e+02 -6.58184689e+02  6.83781741e+02
  2.73152508e+02  2.37358586e+02  2.65316347e+02 -4.48258015e+02
  1.99844797e+02 -6.52516219e+02 -5.38064964e+02  3.90513123e+02
  8.29179158e+02  5.97825247e+02 -3.25798065e+02  6.92989549e+01
  1.95657655e+02  4.83550444e+02 -3.08858563e+02 -4.58936568e+02
  4.17382448e+01  3.35176407e+02 -4.82726793e+02 -9.91449717e+01
  3.62065676e+00 -7.78862167e+02  1.88528250e+02  1.23927139e+02
 -1.99881079e+02 -7.51370306e+02  4.12291285e+02 -4.00671712e+02
  9.93178035e+01 -8.15090959e+02  3.74586589e+02  2.29238051e+02
 -6.57728001e+02  9.98199226e+01  2.53049432e+02  3.10329883e+01
  3.81412955e+02 -5.43749949e+02 -6.67386184e+02  4.12545434e+01
 -5.80906365e+02 -6.69127904e+02  4.37354474e+02  3.33963973e+02
 -9.68280545e+02  4.00307246e+02  1.04090306e+02 -5.99941061e+02
 -6.36043568e+02 -1.77191072e+02 -5.35826619e+02  8.66173528e+02
  2.80958981e+02  3.75645720e+02 -3.05333823e+02  5.75668128e+01
  9.46100327e+02 -1.61811987e+02 -2.91134194e+02 -1.18190181e+02
 -4.29611470e+02 -9.74307086e+02  7.64576239e+02 -2.82652108e+02
  7.72028979e+02 -7.54181031e+02  3.67621150e+02  6.61333441e+02
 -1.65991688e+02 -3.01189812e+02  4.16480175e+01  6.76654973e+02
 -2.18611526e+02 -4.23955560e+02  1.07595455e+01 -4.62647572e+02
 -1.54149295e+02  6.07991018e+02 -3.21913235e+02 -1.81676008e+02
  3.18201886e+02 -2.77646297e+02  3.57231092e-02  4.12238681e+02
 -1.71567820e+02  8.90728294e+02  4.97017122e+01 -3.04574794e+02
 -2.17898965e+01 -2.65372155e+02  4.61460949e+02  3.26710928e+02
  1.38317442e+02 -1.95746692e+02 -1.76538078e+02  5.10898188e+02
 -1.16227026e+02 -1.74977150e+02  4.29463631e+02  8.83787545e+01
  8.33787091e+02 -5.67158570e+02 -2.84085354e+02  5.00003718e+01
 -9.79050066e+02 -3.35074988e+02 -5.48984250e+01 -2.57599747e+02
  2.92715834e+02  4.62362399e+02 -2.55244696e+02 -1.04807220e+02
 -8.75847581e+02 -9.67214157e+02  4.15783535e+02 -6.46454408e+02
  3.04522073e+02 -2.88039433e+02  2.26575377e+02  2.91200926e+01
 -3.14521287e+02 -2.43188871e+02  3.94337457e+01 -2.75962060e+02
 -8.27097631e+02 -1.12173130e+02  2.24916393e+02 -4.12087119e+02
  2.36636971e+02 -4.29927589e+02  2.15617821e+02  3.14768847e+02
 -4.30792298e+02  1.91221096e+02 -3.34879558e+02  7.94425203e+01
 -6.72719949e+01  3.91330472e+02  3.89948235e+02  2.23947801e+02
 -1.84081155e+02  2.12069144e+02 -6.47259859e+02  1.71540147e+02
  4.58339343e+02  1.38797431e+02 -2.59082314e+02 -7.14591705e+01
  1.02437934e+02 -9.38572788e+01 -8.55198110e+01 -7.34805121e+02
 -3.18838359e+02  3.83403068e+01 -7.99303559e+02 -4.46293611e+02
  7.93918507e+02 -1.27020280e+02 -7.21104410e+02 -2.78934499e+02
 -4.74186045e+02  3.10437786e+02 -3.34101064e+02  1.83275274e+02
  4.82110955e+02 -1.95180770e+02  4.02743848e+02  3.42307529e+02
 -1.19121478e+02  4.31342908e+02 -2.70264353e+02  2.31790448e+02
 -1.49354185e+02 -1.19801532e+02  1.60485677e+02 -4.56434207e+02
  2.83227947e+02 -7.50104560e+02  9.17656794e+02 -8.54332439e+01
 -1.21729933e+02 -2.48404008e+02 -2.67583705e+02 -3.85650117e+02
  2.05501465e+01 -7.44441392e+02 -5.88973231e+02  3.08870051e+02
 -2.92246953e+02 -3.14477058e+01  2.80379212e+02  5.75445769e+02
  9.54410136e+02  4.16553786e+01 -6.54058822e+01 -3.98298677e+02
  2.22326237e+02  8.61501158e+02  1.58188244e+02  4.28058437e+02
  6.96077321e+02 -2.46090560e+02 -7.57498911e+02  1.98826574e+02
  3.71612300e+02  3.41582764e+00 -4.12108541e+01  6.69053564e+02
 -8.54477650e+01  2.71659783e+02 -3.93125852e+02 -3.30081434e+02
 -9.86597915e+02  1.30815687e+02  3.58768872e+02  1.25534374e+02
 -6.20063712e+02 -4.06913007e+02 -5.79708612e+02 -4.18670377e+02
  3.37896902e+02 -6.48461045e+02  9.96909394e+01 -6.98999244e+02
  2.98542635e+02  2.49700867e+01 -2.59048596e+02  6.08846581e+02
  2.53239746e+02 -8.28057153e+02 -3.83082909e+02 -1.59414520e+02
 -1.38760237e+01  8.24110811e+02  4.00441094e+02 -3.80086516e+02
  2.36646217e+02 -8.27033902e+02 -8.40074554e+02  2.43147013e+02
  2.09594905e+02 -4.87010094e+02 -2.52130952e+02 -9.67040783e+02
 -3.93149517e+02  1.36217432e+02 -1.33240657e+01  5.65738395e+02
  1.84205717e+02 -9.46183948e+02 -5.31306245e+02  4.32957718e+02
 -1.83372939e+02  3.46785738e+02  6.69379659e+02  7.39196535e+02
  3.01332662e+02  2.77178676e+02 -4.13930607e+02  5.10469894e+02
  4.39165360e+01  7.73946011e+02  7.81172895e+02  1.70286586e+02
  5.23698602e+02 -1.47133097e+02 -3.59134722e+02 -5.30851017e+02
 -2.02713916e+02  7.24019543e+02  5.29520978e+02  3.02109939e+01
  2.00574281e+02  1.43610009e+02 -1.27705188e+02 -5.01805760e+02
  2.96468085e+01 -5.59761269e+02  8.45457194e+02  1.60629299e+02
  3.98671916e+02 -9.89844919e+02 -8.53942263e+02 -9.84845325e+02
 -2.12522461e+02 -3.16022533e+02  2.06388060e+02  6.29372318e+02
  1.94736757e+01  2.87028361e+02 -4.56876467e+02 -1.02087021e+02
 -3.96983367e+02  2.37077675e+02 -5.39958366e+02 -2.26629008e+02
  1.89515675e+02 -7.23230161e+02 -3.18213623e+01 -5.34324001e+02
  5.02764740e+02 -3.62631922e+02 -2.65294313e+02  4.57429120e+01
 -3.17024514e+00  6.91911827e+02 -5.48230627e+01  6.02458864e+02
 -1.17433530e+02  6.69663082e+01  6.12169743e+01  8.67279741e+02
 -3.87051449e+01 -2.35851100e+02 -6.44781140e+01  2.23096493e+02
  2.88076588e+02 -6.68472660e+02 -1.04880677e+02 -4.79074495e+02
 -6.67645432e+02 -3.31528281e+02 -2.66927529e+02 -6.04826621e+02
  2.23702004e+02 -9.61284729e+02 -4.75020012e+02 -2.39404128e+02
 -3.41282019e+02  1.20155893e+02 -5.73022478e+02 -9.20180493e+02
 -5.78127934e+02 -4.79562115e+02 -8.72605673e+02  1.32692338e+01
  4.80535544e+02 -1.42581764e+02 -1.70268030e+02  4.76177998e+02
 -7.70567601e+02 -5.53001800e+02 -5.35423657e+02  4.33426180e+01
 -7.01373461e+02 -1.88615068e+02  6.25622557e+02 -5.73564927e+01
  3.13208922e+02 -5.09178757e+02 -2.14181878e+02 -6.87210250e+01
 -5.62758051e+02 -5.34382401e+02 -4.62428892e+02  3.75249089e+02
  7.55577044e+02  6.66853546e+02  2.46987080e+02  5.26451756e+02
 -1.20803040e+02 -3.87012238e+01 -3.16540543e+02 -4.38615661e+01
  7.37200399e+01 -2.22234762e+02 -5.85365012e+02 -1.73856904e+02
  8.14826949e+02 -6.72576153e+02  8.21274607e+01  1.10403734e+02
 -2.88776563e+02  2.99709463e+02  5.29764550e+02 -1.07890985e+02
  2.30858430e+02 -7.62451546e+02 -8.96439160e+02 -3.53858722e+02
 -5.86223189e+01  5.38373656e+02  3.81564144e+02  2.55067845e+02
  5.91038954e+01  1.73321570e+02 -2.11359283e+02  7.18814577e+01
 -3.09607410e+02  3.77696337e+02 -1.63777889e+02  5.59297387e+02
  1.21256724e+02 -1.37725877e+02 -6.65538025e+02 -7.06227499e+01
 -5.20112582e+02  2.04437807e+02 -2.65825666e+02  3.08293348e+02
  6.66002092e+02 -3.86133503e+02 -1.53336002e+02  9.71391115e+02
  7.96007326e+02 -2.18772257e+02  7.86766134e+02  1.47417425e+02
  6.79259098e+02 -1.26073970e+02  1.33713022e+02  2.15872290e+02
  5.33696446e+01 -4.00038335e+02 -2.00205532e+02  3.52877357e+02
  3.22091580e+02  7.38719704e+02  3.27918227e+02 -2.91421583e+02
  6.73158917e+02  2.98215537e+02 -6.36663382e+02 -4.89360383e+02
 -4.43701702e+02 -2.68561798e+02 -2.41559993e+02  3.21338859e+01
  6.89217357e+02  4.57864331e+01 -2.83123168e+02 -4.71249057e+02
 -4.42112321e+02 -1.93036877e+02 -1.08293119e+02  1.18361621e+02
 -1.70757655e+02 -3.05475926e+02 -3.99294691e+02 -5.08157778e+01
  4.94500173e+02 -2.16848141e+02  5.10521625e+02 -7.61404970e+02
  2.13215467e+01  2.27958935e+02 -9.42817200e+02 -1.08835504e+02
 -2.97732922e+01 -3.58746180e+02  4.35611995e+02  2.22702467e+02
 -1.97811423e+02  3.32424051e+02 -5.65930856e+02 -3.48354431e+02
 -6.18635623e+02  7.25998829e+02  4.62057420e+02  4.44855104e+02
 -8.16488782e+02  4.86351528e+02 -3.34174981e+01 -2.93477545e+02
 -3.15354676e+02 -1.23531087e+02  5.60261788e+02  6.26538550e+02
 -1.52485126e+02 -9.71779490e+02 -5.70590247e+02 -2.24393005e+02
  4.33378175e+01  4.87528613e+02 -7.27599068e+01 -1.96605088e+02
 -1.83324895e+02 -2.24966675e+01  2.24689397e+02  1.50333317e+02
 -7.74997471e+02 -2.89560440e+02 -8.18558567e+02  1.08420622e+02
  4.67669822e+02  9.90402411e+02  6.05765124e+02 -3.36207276e+02
  1.54070133e+02 -4.72715870e+02  8.90015796e+00 -4.53593715e+02
 -2.22089335e+02 -9.48881692e+01 -2.26566710e+02  7.94327253e+02
 -3.44543262e+02  3.54405555e+02 -6.80876031e+02  8.84048789e+02
 -5.17719411e+02 -4.43666010e+02 -8.95914108e+02 -2.81397832e+02
  2.93678939e+02  4.71774924e+02  3.21207304e+02 -1.25012844e+02
 -5.86309506e+02  3.71698929e+02  1.80386145e+02 -4.16915249e+02
 -6.11878769e+02 -1.54197699e+02 -2.67996613e+02  1.05647443e+02
  8.27371802e+02  8.88928471e+00  1.19640331e+02 -5.04820303e+02
  8.14710767e+02  1.00265831e+02  3.58197575e+02  2.97824218e+02
 -3.64441356e+02 -2.23741055e+02  2.90130572e+02  2.40149447e+02
  5.36616539e+02  7.57794955e+02  1.51400154e+02 -1.32207171e+02
 -2.68988891e+02 -3.97033992e+02 -1.92103878e+01 -3.06584984e+02
  2.97633781e+02  4.03353317e+01 -7.76074879e+01  1.35292932e+02
 -3.80321044e+02  5.92973237e+02 -2.30162920e+02 -3.39802569e+01
 -4.05868328e+02 -4.56222577e+02 -5.30001782e+02 -4.77110627e+02
 -2.82576299e+02 -4.56126291e+02 -4.05558910e+02  4.39801129e+02
  9.64015374e+02  2.48236022e+02  1.45425040e+02  9.48751523e+01
  3.02240227e+02  3.66219953e+02  1.14240270e+02 -1.32118601e+02
 -6.20702116e+01 -1.09942140e+02 -2.02024741e+02 -7.69798737e+02
  1.80296208e+02 -2.05446899e+02  7.51833117e+02 -6.10826417e+02
 -4.02730987e+02  1.67485520e+02 -1.22470777e+02  1.07327997e+02
 -3.36317095e+01 -3.22293395e+02 -2.47050503e+02 -6.21500794e+02
  4.29864255e+02  1.91014569e+02  3.22997430e+02 -4.76435738e+01
  3.38212749e+02  7.81182474e+01 -2.28692981e+02  9.28395983e+02
 -2.66491366e+02  4.04409217e+02 -3.09281560e+02  1.03203113e+02
  6.13544144e+02 -2.77544345e+02  4.00905472e+01  3.70144546e+02
  3.87070328e+02 -8.30024483e+01  5.73632559e+02  4.04282090e+02
  3.17786866e+02  6.89724309e+02 -3.06090992e+02 -1.10502665e+01
 -8.03348246e+02 -4.35099142e+02  8.63008019e+02  4.68999141e+02
 -8.69967882e+02 -6.41427253e+02  4.50929771e+02  4.36797319e+02
  3.06389093e+01 -3.87116299e+02  2.95115216e+02 -6.84229943e+01]
2022-11-12 19:03:58,525 - pyswarms.single.global_best - INFO - Optimize for 100 iters with {'c1': 0.5, 'c2': 0.9, 'w': 0.9}
2022-11-12 19:04:02,832 - pyswarms.single.global_best - INFO - Optimization finished | best cost: 2467.450927734375, best pos: [-165.94575445   49.23322659 -301.50373254  451.67463564  945.64488025
 -378.19469261 -758.78827901  161.45518442  290.54810525 -485.78169437
 -206.56062988  300.5807326  -193.55098938 -118.73879385 -558.9115469
  -29.84087713 -415.88159969 -549.91594379  554.1280948  -197.49644204
  639.24744855 -373.6270969  -138.30409653   56.12911424 -395.50765771
  987.44359284 -801.37811873 -392.05489423 -836.15776474  193.16637676
 -873.20055339 -646.84512802 -492.80553303 -181.87976027  395.10189078
 -680.54812006 -146.66899833 -412.20501798  -74.60955089  638.50389882
  858.36377042  779.2346827  -450.38768672 -919.09109034 -824.92080585
 -891.12946481 -430.53004411 -772.18816576 -769.8794319   104.15442529
 -387.04581249  171.24003495  107.81152867  -57.89570347  359.9445198
 -223.87377627  656.57783506 -572.37040567 -232.11021513   26.66444248
  860.81172303 -752.64636369   47.36353457 -381.49178508 -522.18432277
 -423.61104571  -39.78363155  107.7604469  -193.45840419  383.13968718
  971.07183961   73.50370958  261.26520652 -239.84619656  -15.43739201
 -762.35709946  324.82904296  850.30574116  885.97551801  533.48469969
   58.45630705 -577.34597983  473.29243555   51.63124345 -312.80747125
  -72.71299605 -140.2661878  -563.16047932  626.34970951 -100.90060078
  802.33514604 -725.52607661 -193.48101391 -957.96873802 -751.67217019
  420.26902085   50.36857982 -214.6673546   808.77378765 -172.44611583]
2022-11-12 19:11:55,958 - numba.core.transforms - INFO - finding looplift candidates
